[2016-12-12 00:16:58] testing.ERROR: Symfony\Component\Debug\Exception\FatalThrowableError: Class 'App\Providers\AppServiceProvider' not found in /home/luiz/code/refl-project/refl/vendor/laravel/framework/src/Illuminate/Foundation/ProviderRepository.php:146
Stack trace:
#0 /home/luiz/code/refl-project/refl/vendor/laravel/framework/src/Illuminate/Foundation/ProviderRepository.php(114): Illuminate\Foundation\ProviderRepository->createProvider('App\\Providers\\A...')
#1 /home/luiz/code/refl-project/refl/vendor/laravel/framework/src/Illuminate/Foundation/ProviderRepository.php(60): Illuminate\Foundation\ProviderRepository->compileManifest(Array)
#2 /home/luiz/code/refl-project/refl/vendor/laravel/framework/src/Illuminate/Foundation/Application.php(540): Illuminate\Foundation\ProviderRepository->load(Array)
#3 /home/luiz/code/refl-project/refl/vendor/laravel/framework/src/Illuminate/Foundation/Bootstrap/RegisterProviders.php(17): Illuminate\Foundation\Application->registerConfiguredProviders()
#4 /home/luiz/code/refl-project/refl/vendor/laravel/framework/src/Illuminate/Foundation/Application.php(203): Illuminate\Foundation\Bootstrap\RegisterProviders->bootstrap(Object(Illuminate\Foundation\Application))
#5 /home/luiz/code/refl-project/refl/vendor/laravel/framework/src/Illuminate/Foundation/Http/Kernel.php(254): Illuminate\Foundation\Application->bootstrapWith(Array)
#6 /home/luiz/code/refl-project/refl/vendor/laravel/framework/src/Illuminate/Foundation/Http/Kernel.php(145): Illuminate\Foundation\Http\Kernel->bootstrap()
#7 /home/luiz/code/refl-project/refl/vendor/laravel/framework/src/Illuminate/Foundation/Http/Kernel.php(117): Illuminate\Foundation\Http\Kernel->sendRequestThroughRouter(Object(Illuminate\Http\Request))
#8 /home/luiz/code/refl-project/refl/vendor/laravel/framework/src/Illuminate/Foundation/Testing/Concerns/MakesHttpRequests.php(582): Illuminate\Foundation\Http\Kernel->handle(Object(Illuminate\Http\Request))
#9 /home/luiz/code/refl-project/refl/vendor/laravel/framework/src/Illuminate/Foundation/Testing/Concerns/InteractsWithPages.php(90): Illuminate\Foundation\Testing\TestCase->call('GET', 'http://localhos...', Array, Array, Array)
#10 /home/luiz/code/refl-project/refl/vendor/laravel/framework/src/Illuminate/Foundation/Testing/Concerns/InteractsWithPages.php(61): Illuminate\Foundation\Testing\TestCase->makeRequest('GET', 'http://localhos...')
#11 /home/luiz/code/refl-project/refl/tests/Unit/RestfulControllerTest.php(17): Illuminate\Foundation\Testing\TestCase->visit('/posts')
#12 [internal function]: RestfulControllerTest->test_index()
#13 /home/luiz/code/refl-project/refl/vendor/phpunit/phpunit/src/Framework/TestCase.php(1085): ReflectionMethod->invokeArgs(Object(RestfulControllerTest), Array)
#14 /home/luiz/code/refl-project/refl/vendor/phpunit/phpunit/src/Framework/TestCase.php(936): PHPUnit_Framework_TestCase->runTest()
#15 /home/luiz/code/refl-project/refl/vendor/phpunit/phpunit/src/Framework/TestResult.php(701): PHPUnit_Framework_TestCase->runBare()
#16 /home/luiz/code/refl-project/refl/vendor/phpunit/phpunit/src/Framework/TestCase.php(892): PHPUnit_Framework_TestResult->run(Object(RestfulControllerTest))
#17 /home/luiz/code/refl-project/refl/vendor/phpunit/phpunit/src/Framework/TestSuite.php(728): PHPUnit_Framework_TestCase->run(Object(PHPUnit_Framework_TestResult))
#18 /home/luiz/code/refl-project/refl/vendor/phpunit/phpunit/src/Framework/TestSuite.php(728): PHPUnit_Framework_TestSuite->run(Object(PHPUnit_Framework_TestResult))
#19 /home/luiz/code/refl-project/refl/vendor/phpunit/phpunit/src/TextUI/TestRunner.php(465): PHPUnit_Framework_TestSuite->run(Object(PHPUnit_Framework_TestResult))
#20 /home/luiz/code/refl-project/refl/vendor/phpunit/phpunit/src/TextUI/Command.php(185): PHPUnit_TextUI_TestRunner->doRun(Object(PHPUnit_Framework_TestSuite), Array, true)
#21 /home/luiz/code/refl-project/refl/vendor/phpunit/phpunit/src/TextUI/Command.php(115): PHPUnit_TextUI_Command->run(Array, true)
#22 /home/luiz/code/refl-project/refl/vendor/phpunit/phpunit/phpunit(52): PHPUnit_TextUI_Command::main()
#23 {main}  
[2016-12-12 00:17:44] testing.ERROR: Symfony\Component\Debug\Exception\FatalThrowableError: Class 'App\Providers\AuthServiceProvider' not found in /home/luiz/code/refl-project/refl/vendor/laravel/framework/src/Illuminate/Foundation/ProviderRepository.php:146
Stack trace:
#0 /home/luiz/code/refl-project/refl/vendor/laravel/framework/src/Illuminate/Foundation/ProviderRepository.php(114): Illuminate\Foundation\ProviderRepository->createProvider('App\\Providers\\A...')
#1 /home/luiz/code/refl-project/refl/vendor/laravel/framework/src/Illuminate/Foundation/ProviderRepository.php(60): Illuminate\Foundation\ProviderRepository->compileManifest(Array)
#2 /home/luiz/code/refl-project/refl/vendor/laravel/framework/src/Illuminate/Foundation/Application.php(540): Illuminate\Foundation\ProviderRepository->load(Array)
#3 /home/luiz/code/refl-project/refl/vendor/laravel/framework/src/Illuminate/Foundation/Bootstrap/RegisterProviders.php(17): Illuminate\Foundation\Application->registerConfiguredProviders()
#4 /home/luiz/code/refl-project/refl/vendor/laravel/framework/src/Illuminate/Foundation/Application.php(203): Illuminate\Foundation\Bootstrap\RegisterProviders->bootstrap(Object(Illuminate\Foundation\Application))
#5 /home/luiz/code/refl-project/refl/vendor/laravel/framework/src/Illuminate/Foundation/Http/Kernel.php(254): Illuminate\Foundation\Application->bootstrapWith(Array)
#6 /home/luiz/code/refl-project/refl/vendor/laravel/framework/src/Illuminate/Foundation/Http/Kernel.php(145): Illuminate\Foundation\Http\Kernel->bootstrap()
#7 /home/luiz/code/refl-project/refl/vendor/laravel/framework/src/Illuminate/Foundation/Http/Kernel.php(117): Illuminate\Foundation\Http\Kernel->sendRequestThroughRouter(Object(Illuminate\Http\Request))
#8 /home/luiz/code/refl-project/refl/vendor/laravel/framework/src/Illuminate/Foundation/Testing/Concerns/MakesHttpRequests.php(582): Illuminate\Foundation\Http\Kernel->handle(Object(Illuminate\Http\Request))
#9 /home/luiz/code/refl-project/refl/vendor/laravel/framework/src/Illuminate/Foundation/Testing/Concerns/InteractsWithPages.php(90): Illuminate\Foundation\Testing\TestCase->call('GET', 'http://localhos...', Array, Array, Array)
#10 /home/luiz/code/refl-project/refl/vendor/laravel/framework/src/Illuminate/Foundation/Testing/Concerns/InteractsWithPages.php(61): Illuminate\Foundation\Testing\TestCase->makeRequest('GET', 'http://localhos...')
#11 /home/luiz/code/refl-project/refl/tests/Unit/RestfulControllerTest.php(17): Illuminate\Foundation\Testing\TestCase->visit('/posts')
#12 [internal function]: RestfulControllerTest->test_index()
#13 /home/luiz/code/refl-project/refl/vendor/phpunit/phpunit/src/Framework/TestCase.php(1085): ReflectionMethod->invokeArgs(Object(RestfulControllerTest), Array)
#14 /home/luiz/code/refl-project/refl/vendor/phpunit/phpunit/src/Framework/TestCase.php(936): PHPUnit_Framework_TestCase->runTest()
#15 /home/luiz/code/refl-project/refl/vendor/phpunit/phpunit/src/Framework/TestResult.php(701): PHPUnit_Framework_TestCase->runBare()
#16 /home/luiz/code/refl-project/refl/vendor/phpunit/phpunit/src/Framework/TestCase.php(892): PHPUnit_Framework_TestResult->run(Object(RestfulControllerTest))
#17 /home/luiz/code/refl-project/refl/vendor/phpunit/phpunit/src/Framework/TestSuite.php(728): PHPUnit_Framework_TestCase->run(Object(PHPUnit_Framework_TestResult))
#18 /home/luiz/code/refl-project/refl/vendor/phpunit/phpunit/src/Framework/TestSuite.php(728): PHPUnit_Framework_TestSuite->run(Object(PHPUnit_Framework_TestResult))
#19 /home/luiz/code/refl-project/refl/vendor/phpunit/phpunit/src/TextUI/TestRunner.php(465): PHPUnit_Framework_TestSuite->run(Object(PHPUnit_Framework_TestResult))
#20 /home/luiz/code/refl-project/refl/vendor/phpunit/phpunit/src/TextUI/Command.php(185): PHPUnit_TextUI_TestRunner->doRun(Object(PHPUnit_Framework_TestSuite), Array, true)
#21 /home/luiz/code/refl-project/refl/vendor/phpunit/phpunit/src/TextUI/Command.php(115): PHPUnit_TextUI_Command->run(Array, true)
#22 /home/luiz/code/refl-project/refl/vendor/phpunit/phpunit/phpunit(52): PHPUnit_TextUI_Command::main()
#23 {main}  
[2016-12-12 00:18:19] testing.ERROR: Symfony\Component\Debug\Exception\FatalThrowableError: Class 'App\Providers\AuthServiceProvider' not found in /home/luiz/code/refl-project/refl/vendor/laravel/framework/src/Illuminate/Foundation/ProviderRepository.php:146
Stack trace:
#0 /home/luiz/code/refl-project/refl/vendor/laravel/framework/src/Illuminate/Foundation/ProviderRepository.php(114): Illuminate\Foundation\ProviderRepository->createProvider('App\\Providers\\A...')
#1 /home/luiz/code/refl-project/refl/vendor/laravel/framework/src/Illuminate/Foundation/ProviderRepository.php(60): Illuminate\Foundation\ProviderRepository->compileManifest(Array)
#2 /home/luiz/code/refl-project/refl/vendor/laravel/framework/src/Illuminate/Foundation/Application.php(540): Illuminate\Foundation\ProviderRepository->load(Array)
#3 /home/luiz/code/refl-project/refl/vendor/laravel/framework/src/Illuminate/Foundation/Bootstrap/RegisterProviders.php(17): Illuminate\Foundation\Application->registerConfiguredProviders()
#4 /home/luiz/code/refl-project/refl/vendor/laravel/framework/src/Illuminate/Foundation/Application.php(203): Illuminate\Foundation\Bootstrap\RegisterProviders->bootstrap(Object(Illuminate\Foundation\Application))
#5 /home/luiz/code/refl-project/refl/vendor/laravel/framework/src/Illuminate/Foundation/Http/Kernel.php(254): Illuminate\Foundation\Application->bootstrapWith(Array)
#6 /home/luiz/code/refl-project/refl/vendor/laravel/framework/src/Illuminate/Foundation/Http/Kernel.php(145): Illuminate\Foundation\Http\Kernel->bootstrap()
#7 /home/luiz/code/refl-project/refl/vendor/laravel/framework/src/Illuminate/Foundation/Http/Kernel.php(117): Illuminate\Foundation\Http\Kernel->sendRequestThroughRouter(Object(Illuminate\Http\Request))
#8 /home/luiz/code/refl-project/refl/vendor/laravel/framework/src/Illuminate/Foundation/Testing/Concerns/MakesHttpRequests.php(582): Illuminate\Foundation\Http\Kernel->handle(Object(Illuminate\Http\Request))
#9 /home/luiz/code/refl-project/refl/vendor/laravel/framework/src/Illuminate/Foundation/Testing/Concerns/InteractsWithPages.php(90): Illuminate\Foundation\Testing\TestCase->call('GET', 'http://localhos...', Array, Array, Array)
#10 /home/luiz/code/refl-project/refl/vendor/laravel/framework/src/Illuminate/Foundation/Testing/Concerns/InteractsWithPages.php(61): Illuminate\Foundation\Testing\TestCase->makeRequest('GET', 'http://localhos...')
#11 /home/luiz/code/refl-project/refl/tests/Unit/RestfulControllerTest.php(17): Illuminate\Foundation\Testing\TestCase->visit('/posts')
#12 [internal function]: RestfulControllerTest->test_index()
#13 /home/luiz/code/refl-project/refl/vendor/phpunit/phpunit/src/Framework/TestCase.php(1085): ReflectionMethod->invokeArgs(Object(RestfulControllerTest), Array)
#14 /home/luiz/code/refl-project/refl/vendor/phpunit/phpunit/src/Framework/TestCase.php(936): PHPUnit_Framework_TestCase->runTest()
#15 /home/luiz/code/refl-project/refl/vendor/phpunit/phpunit/src/Framework/TestResult.php(701): PHPUnit_Framework_TestCase->runBare()
#16 /home/luiz/code/refl-project/refl/vendor/phpunit/phpunit/src/Framework/TestCase.php(892): PHPUnit_Framework_TestResult->run(Object(RestfulControllerTest))
#17 /home/luiz/code/refl-project/refl/vendor/phpunit/phpunit/src/Framework/TestSuite.php(728): PHPUnit_Framework_TestCase->run(Object(PHPUnit_Framework_TestResult))
#18 /home/luiz/code/refl-project/refl/vendor/phpunit/phpunit/src/Framework/TestSuite.php(728): PHPUnit_Framework_TestSuite->run(Object(PHPUnit_Framework_TestResult))
#19 /home/luiz/code/refl-project/refl/vendor/phpunit/phpunit/src/TextUI/TestRunner.php(465): PHPUnit_Framework_TestSuite->run(Object(PHPUnit_Framework_TestResult))
#20 /home/luiz/code/refl-project/refl/vendor/phpunit/phpunit/src/TextUI/Command.php(185): PHPUnit_TextUI_TestRunner->doRun(Object(PHPUnit_Framework_TestSuite), Array, true)
#21 /home/luiz/code/refl-project/refl/vendor/phpunit/phpunit/src/TextUI/Command.php(115): PHPUnit_TextUI_Command->run(Array, true)
#22 /home/luiz/code/refl-project/refl/vendor/phpunit/phpunit/phpunit(52): PHPUnit_TextUI_Command::main()
#23 {main}  
[2016-12-12 00:19:08] testing.ERROR: ErrorException: file_put_contents(/home/luiz/code/refl-project/refl/bootstrap/cache/services.php): failed to open stream: No such file or directory in /home/luiz/code/refl-project/refl/vendor/laravel/framework/src/Illuminate/Filesystem/Filesystem.php:111
Stack trace:
#0 [internal function]: Illuminate\Foundation\Bootstrap\HandleExceptions->handleError(2, 'file_put_conten...', '/home/luiz/code...', 111, Array)
#1 /home/luiz/code/refl-project/refl/vendor/laravel/framework/src/Illuminate/Filesystem/Filesystem.php(111): file_put_contents('/home/luiz/code...', '<?php return ar...', 0)
#2 /home/luiz/code/refl-project/refl/vendor/laravel/framework/src/Illuminate/Foundation/ProviderRepository.php(189): Illuminate\Filesystem\Filesystem->put('/home/luiz/code...', '<?php return ar...')
#3 /home/luiz/code/refl-project/refl/vendor/laravel/framework/src/Illuminate/Foundation/ProviderRepository.php(135): Illuminate\Foundation\ProviderRepository->writeManifest(Array)
#4 /home/luiz/code/refl-project/refl/vendor/laravel/framework/src/Illuminate/Foundation/ProviderRepository.php(60): Illuminate\Foundation\ProviderRepository->compileManifest(Array)
#5 /home/luiz/code/refl-project/refl/vendor/laravel/framework/src/Illuminate/Foundation/Application.php(540): Illuminate\Foundation\ProviderRepository->load(Array)
#6 /home/luiz/code/refl-project/refl/vendor/laravel/framework/src/Illuminate/Foundation/Bootstrap/RegisterProviders.php(17): Illuminate\Foundation\Application->registerConfiguredProviders()
#7 /home/luiz/code/refl-project/refl/vendor/laravel/framework/src/Illuminate/Foundation/Application.php(203): Illuminate\Foundation\Bootstrap\RegisterProviders->bootstrap(Object(Illuminate\Foundation\Application))
#8 /home/luiz/code/refl-project/refl/vendor/laravel/framework/src/Illuminate/Foundation/Http/Kernel.php(254): Illuminate\Foundation\Application->bootstrapWith(Array)
#9 /home/luiz/code/refl-project/refl/vendor/laravel/framework/src/Illuminate/Foundation/Http/Kernel.php(145): Illuminate\Foundation\Http\Kernel->bootstrap()
#10 /home/luiz/code/refl-project/refl/vendor/laravel/framework/src/Illuminate/Foundation/Http/Kernel.php(117): Illuminate\Foundation\Http\Kernel->sendRequestThroughRouter(Object(Illuminate\Http\Request))
#11 /home/luiz/code/refl-project/refl/vendor/laravel/framework/src/Illuminate/Foundation/Testing/Concerns/MakesHttpRequests.php(582): Illuminate\Foundation\Http\Kernel->handle(Object(Illuminate\Http\Request))
#12 /home/luiz/code/refl-project/refl/vendor/laravel/framework/src/Illuminate/Foundation/Testing/Concerns/InteractsWithPages.php(90): Illuminate\Foundation\Testing\TestCase->call('GET', 'http://localhos...', Array, Array, Array)
#13 /home/luiz/code/refl-project/refl/vendor/laravel/framework/src/Illuminate/Foundation/Testing/Concerns/InteractsWithPages.php(61): Illuminate\Foundation\Testing\TestCase->makeRequest('GET', 'http://localhos...')
#14 /home/luiz/code/refl-project/refl/tests/Unit/RestfulControllerTest.php(17): Illuminate\Foundation\Testing\TestCase->visit('/posts')
#15 [internal function]: RestfulControllerTest->test_index()
#16 /home/luiz/code/refl-project/refl/vendor/phpunit/phpunit/src/Framework/TestCase.php(1085): ReflectionMethod->invokeArgs(Object(RestfulControllerTest), Array)
#17 /home/luiz/code/refl-project/refl/vendor/phpunit/phpunit/src/Framework/TestCase.php(936): PHPUnit_Framework_TestCase->runTest()
#18 /home/luiz/code/refl-project/refl/vendor/phpunit/phpunit/src/Framework/TestResult.php(701): PHPUnit_Framework_TestCase->runBare()
#19 /home/luiz/code/refl-project/refl/vendor/phpunit/phpunit/src/Framework/TestCase.php(892): PHPUnit_Framework_TestResult->run(Object(RestfulControllerTest))
#20 /home/luiz/code/refl-project/refl/vendor/phpunit/phpunit/src/Framework/TestSuite.php(728): PHPUnit_Framework_TestCase->run(Object(PHPUnit_Framework_TestResult))
#21 /home/luiz/code/refl-project/refl/vendor/phpunit/phpunit/src/Framework/TestSuite.php(728): PHPUnit_Framework_TestSuite->run(Object(PHPUnit_Framework_TestResult))
#22 /home/luiz/code/refl-project/refl/vendor/phpunit/phpunit/src/TextUI/TestRunner.php(465): PHPUnit_Framework_TestSuite->run(Object(PHPUnit_Framework_TestResult))
#23 /home/luiz/code/refl-project/refl/vendor/phpunit/phpunit/src/TextUI/Command.php(185): PHPUnit_TextUI_TestRunner->doRun(Object(PHPUnit_Framework_TestSuite), Array, true)
#24 /home/luiz/code/refl-project/refl/vendor/phpunit/phpunit/src/TextUI/Command.php(115): PHPUnit_TextUI_Command->run(Array, true)
#25 /home/luiz/code/refl-project/refl/vendor/phpunit/phpunit/phpunit(52): PHPUnit_TextUI_Command::main()
#26 {main}  
[2016-12-12 00:19:46] testing.ERROR: Symfony\Component\Debug\Exception\FatalThrowableError: Type error: Argument 2 passed to Illuminate\View\FileViewFinder::__construct() must be of the type array, null given, called in /home/luiz/code/refl-project/refl/vendor/laravel/framework/src/Illuminate/View/ViewServiceProvider.php on line 95 in /home/luiz/code/refl-project/refl/vendor/laravel/framework/src/Illuminate/View/FileViewFinder.php:53
Stack trace:
#0 /home/luiz/code/refl-project/refl/vendor/laravel/framework/src/Illuminate/View/ViewServiceProvider.php(95): Illuminate\View\FileViewFinder->__construct(Object(Illuminate\Filesystem\Filesystem), NULL)
#1 /home/luiz/code/refl-project/refl/vendor/laravel/framework/src/Illuminate/Container/Container.php(746): Illuminate\View\ViewServiceProvider->Illuminate\View\{closure}(Object(Illuminate\Foundation\Application), Array)
#2 /home/luiz/code/refl-project/refl/vendor/laravel/framework/src/Illuminate/Container/Container.php(644): Illuminate\Container\Container->build(Object(Closure), Array)
#3 /home/luiz/code/refl-project/refl/vendor/laravel/framework/src/Illuminate/Foundation/Application.php(709): Illuminate\Container\Container->make('view.finder', Array)
#4 /home/luiz/code/refl-project/refl/vendor/laravel/framework/src/Illuminate/Container/Container.php(1203): Illuminate\Foundation\Application->make('view.finder')
#5 /home/luiz/code/refl-project/refl/vendor/laravel/framework/src/Illuminate/View/ViewServiceProvider.php(112): Illuminate\Container\Container->offsetGet('view.finder')
#6 /home/luiz/code/refl-project/refl/vendor/laravel/framework/src/Illuminate/Container/Container.php(746): Illuminate\View\ViewServiceProvider->Illuminate\View\{closure}(Object(Illuminate\Foundation\Application), Array)
#7 /home/luiz/code/refl-project/refl/vendor/laravel/framework/src/Illuminate/Container/Container.php(644): Illuminate\Container\Container->build(Object(Closure), Array)
#8 /home/luiz/code/refl-project/refl/vendor/laravel/framework/src/Illuminate/Foundation/Application.php(709): Illuminate\Container\Container->make('view', Array)
#9 /home/luiz/code/refl-project/refl/vendor/laravel/framework/src/Illuminate/Container/Container.php(1203): Illuminate\Foundation\Application->make('view')
#10 /home/luiz/code/refl-project/refl/vendor/laravel/framework/src/Illuminate/Support/ServiceProvider.php(88): Illuminate\Container\Container->offsetGet('view')
#11 /home/luiz/code/refl-project/refl/vendor/laravel/framework/src/Illuminate/Notifications/NotificationServiceProvider.php(18): Illuminate\Support\ServiceProvider->loadViewsFrom('/home/luiz/code...', 'notifications')
#12 [internal function]: Illuminate\Notifications\NotificationServiceProvider->boot()
#13 /home/luiz/code/refl-project/refl/vendor/laravel/framework/src/Illuminate/Container/Container.php(508): call_user_func_array(Array, Array)
#14 /home/luiz/code/refl-project/refl/vendor/laravel/framework/src/Illuminate/Foundation/Application.php(769): Illuminate\Container\Container->call(Array)
#15 /home/luiz/code/refl-project/refl/vendor/laravel/framework/src/Illuminate/Foundation/Application.php(752): Illuminate\Foundation\Application->bootProvider(Object(Illuminate\Notifications\NotificationServiceProvider))
#16 [internal function]: Illuminate\Foundation\Application->Illuminate\Foundation\{closure}(Object(Illuminate\Notifications\NotificationServiceProvider), 8)
#17 /home/luiz/code/refl-project/refl/vendor/laravel/framework/src/Illuminate/Foundation/Application.php(753): array_walk(Array, Object(Closure))
#18 /home/luiz/code/refl-project/refl/vendor/laravel/framework/src/Illuminate/Foundation/Bootstrap/BootProviders.php(17): Illuminate\Foundation\Application->boot()
#19 /home/luiz/code/refl-project/refl/vendor/laravel/framework/src/Illuminate/Foundation/Application.php(203): Illuminate\Foundation\Bootstrap\BootProviders->bootstrap(Object(Illuminate\Foundation\Application))
#20 /home/luiz/code/refl-project/refl/vendor/laravel/framework/src/Illuminate/Foundation/Http/Kernel.php(254): Illuminate\Foundation\Application->bootstrapWith(Array)
#21 /home/luiz/code/refl-project/refl/vendor/laravel/framework/src/Illuminate/Foundation/Http/Kernel.php(145): Illuminate\Foundation\Http\Kernel->bootstrap()
#22 /home/luiz/code/refl-project/refl/vendor/laravel/framework/src/Illuminate/Foundation/Http/Kernel.php(117): Illuminate\Foundation\Http\Kernel->sendRequestThroughRouter(Object(Illuminate\Http\Request))
#23 /home/luiz/code/refl-project/refl/vendor/laravel/framework/src/Illuminate/Foundation/Testing/Concerns/MakesHttpRequests.php(582): Illuminate\Foundation\Http\Kernel->handle(Object(Illuminate\Http\Request))
#24 /home/luiz/code/refl-project/refl/vendor/laravel/framework/src/Illuminate/Foundation/Testing/Concerns/InteractsWithPages.php(90): Illuminate\Foundation\Testing\TestCase->call('GET', 'http://localhos...', Array, Array, Array)
#25 /home/luiz/code/refl-project/refl/vendor/laravel/framework/src/Illuminate/Foundation/Testing/Concerns/InteractsWithPages.php(61): Illuminate\Foundation\Testing\TestCase->makeRequest('GET', 'http://localhos...')
#26 /home/luiz/code/refl-project/refl/tests/Unit/RestfulControllerTest.php(17): Illuminate\Foundation\Testing\TestCase->visit('/posts')
#27 [internal function]: RestfulControllerTest->test_index()
#28 /home/luiz/code/refl-project/refl/vendor/phpunit/phpunit/src/Framework/TestCase.php(1085): ReflectionMethod->invokeArgs(Object(RestfulControllerTest), Array)
#29 /home/luiz/code/refl-project/refl/vendor/phpunit/phpunit/src/Framework/TestCase.php(936): PHPUnit_Framework_TestCase->runTest()
#30 /home/luiz/code/refl-project/refl/vendor/phpunit/phpunit/src/Framework/TestResult.php(701): PHPUnit_Framework_TestCase->runBare()
#31 /home/luiz/code/refl-project/refl/vendor/phpunit/phpunit/src/Framework/TestCase.php(892): PHPUnit_Framework_TestResult->run(Object(RestfulControllerTest))
#32 /home/luiz/code/refl-project/refl/vendor/phpunit/phpunit/src/Framework/TestSuite.php(728): PHPUnit_Framework_TestCase->run(Object(PHPUnit_Framework_TestResult))
#33 /home/luiz/code/refl-project/refl/vendor/phpunit/phpunit/src/Framework/TestSuite.php(728): PHPUnit_Framework_TestSuite->run(Object(PHPUnit_Framework_TestResult))
#34 /home/luiz/code/refl-project/refl/vendor/phpunit/phpunit/src/TextUI/TestRunner.php(465): PHPUnit_Framework_TestSuite->run(Object(PHPUnit_Framework_TestResult))
#35 /home/luiz/code/refl-project/refl/vendor/phpunit/phpunit/src/TextUI/Command.php(185): PHPUnit_TextUI_TestRunner->doRun(Object(PHPUnit_Framework_TestSuite), Array, true)
#36 /home/luiz/code/refl-project/refl/vendor/phpunit/phpunit/src/TextUI/Command.php(115): PHPUnit_TextUI_Command->run(Array, true)
#37 /home/luiz/code/refl-project/refl/vendor/phpunit/phpunit/phpunit(52): PHPUnit_TextUI_Command::main()
#38 {main}  
[2016-12-12 21:40:03] testing.ERROR: Symfony\Component\Debug\Exception\FatalThrowableError: Parse error: syntax error, unexpected '/', expecting ',' or ';' in /home/luiz/code/refl/src/ReflServiceProvider.php:7
Stack trace:
#0 /home/luiz/code/refl/vendor/composer/ClassLoader.php(301): Composer\Autoload\includeFile('/home/luiz/code...')
#1 [internal function]: Composer\Autoload\ClassLoader->loadClass('Refl\\ReflServic...')
#2 /home/luiz/code/refl/vendor/laravel/framework/src/Illuminate/Foundation/ProviderRepository.php(146): spl_autoload_call('Refl\\ReflServic...')
#3 /home/luiz/code/refl/vendor/laravel/framework/src/Illuminate/Foundation/ProviderRepository.php(74): Illuminate\Foundation\ProviderRepository->createProvider('Refl\\ReflServic...')
#4 /home/luiz/code/refl/vendor/laravel/framework/src/Illuminate/Foundation/Application.php(540): Illuminate\Foundation\ProviderRepository->load(Array)
#5 /home/luiz/code/refl/vendor/laravel/framework/src/Illuminate/Foundation/Bootstrap/RegisterProviders.php(17): Illuminate\Foundation\Application->registerConfiguredProviders()
#6 /home/luiz/code/refl/vendor/laravel/framework/src/Illuminate/Foundation/Application.php(203): Illuminate\Foundation\Bootstrap\RegisterProviders->bootstrap(Object(Illuminate\Foundation\Application))
#7 /home/luiz/code/refl/vendor/laravel/framework/src/Illuminate/Foundation/Http/Kernel.php(254): Illuminate\Foundation\Application->bootstrapWith(Array)
#8 /home/luiz/code/refl/vendor/laravel/framework/src/Illuminate/Foundation/Http/Kernel.php(145): Illuminate\Foundation\Http\Kernel->bootstrap()
#9 /home/luiz/code/refl/vendor/laravel/framework/src/Illuminate/Foundation/Http/Kernel.php(117): Illuminate\Foundation\Http\Kernel->sendRequestThroughRouter(Object(Illuminate\Http\Request))
#10 /home/luiz/code/refl/vendor/laravel/framework/src/Illuminate/Foundation/Testing/Concerns/MakesHttpRequests.php(582): Illuminate\Foundation\Http\Kernel->handle(Object(Illuminate\Http\Request))
#11 /home/luiz/code/refl/vendor/laravel/framework/src/Illuminate/Foundation/Testing/Concerns/InteractsWithPages.php(90): Illuminate\Foundation\Testing\TestCase->call('GET', 'http://localhos...', Array, Array, Array)
#12 /home/luiz/code/refl/vendor/laravel/framework/src/Illuminate/Foundation/Testing/Concerns/InteractsWithPages.php(61): Illuminate\Foundation\Testing\TestCase->makeRequest('GET', 'http://localhos...')
#13 /home/luiz/code/refl/tests/Unit/RestfulControllerTest.php(17): Illuminate\Foundation\Testing\TestCase->visit('/posts')
#14 [internal function]: RestfulControllerTest->test_index()
#15 /home/luiz/code/refl/vendor/phpunit/phpunit/src/Framework/TestCase.php(1085): ReflectionMethod->invokeArgs(Object(RestfulControllerTest), Array)
#16 /home/luiz/code/refl/vendor/phpunit/phpunit/src/Framework/TestCase.php(936): PHPUnit_Framework_TestCase->runTest()
#17 /home/luiz/code/refl/vendor/phpunit/phpunit/src/Framework/TestResult.php(701): PHPUnit_Framework_TestCase->runBare()
#18 /home/luiz/code/refl/vendor/phpunit/phpunit/src/Framework/TestCase.php(892): PHPUnit_Framework_TestResult->run(Object(RestfulControllerTest))
#19 /home/luiz/code/refl/vendor/phpunit/phpunit/src/Framework/TestSuite.php(728): PHPUnit_Framework_TestCase->run(Object(PHPUnit_Framework_TestResult))
#20 /home/luiz/code/refl/vendor/phpunit/phpunit/src/Framework/TestSuite.php(728): PHPUnit_Framework_TestSuite->run(Object(PHPUnit_Framework_TestResult))
#21 /home/luiz/code/refl/vendor/phpunit/phpunit/src/TextUI/TestRunner.php(465): PHPUnit_Framework_TestSuite->run(Object(PHPUnit_Framework_TestResult))
#22 /home/luiz/code/refl/vendor/phpunit/phpunit/src/TextUI/Command.php(185): PHPUnit_TextUI_TestRunner->doRun(Object(PHPUnit_Framework_TestSuite), Array, true)
#23 /home/luiz/code/refl/vendor/phpunit/phpunit/src/TextUI/Command.php(115): PHPUnit_TextUI_Command->run(Array, true)
#24 /home/luiz/code/refl/vendor/phpunit/phpunit/phpunit(52): PHPUnit_TextUI_Command::main()
#25 {main}  
[2016-12-13 21:04:18] testing.ERROR: Symfony\Component\Debug\Exception\FatalThrowableError: Parse error: syntax error, unexpected ';' in /home/luiz/code/refl/src/ReflServiceProvider.php:33
Stack trace:
#0 /home/luiz/code/refl/vendor/composer/ClassLoader.php(301): Composer\Autoload\includeFile('/home/luiz/code...')
#1 [internal function]: Composer\Autoload\ClassLoader->loadClass('Refl\\ReflServic...')
#2 /home/luiz/code/refl/vendor/laravel/framework/src/Illuminate/Foundation/ProviderRepository.php(146): spl_autoload_call('Refl\\ReflServic...')
#3 /home/luiz/code/refl/vendor/laravel/framework/src/Illuminate/Foundation/ProviderRepository.php(74): Illuminate\Foundation\ProviderRepository->createProvider('Refl\\ReflServic...')
#4 /home/luiz/code/refl/vendor/laravel/framework/src/Illuminate/Foundation/Application.php(540): Illuminate\Foundation\ProviderRepository->load(Array)
#5 /home/luiz/code/refl/vendor/laravel/framework/src/Illuminate/Foundation/Bootstrap/RegisterProviders.php(17): Illuminate\Foundation\Application->registerConfiguredProviders()
#6 /home/luiz/code/refl/vendor/laravel/framework/src/Illuminate/Foundation/Application.php(203): Illuminate\Foundation\Bootstrap\RegisterProviders->bootstrap(Object(Illuminate\Foundation\Application))
#7 /home/luiz/code/refl/vendor/laravel/framework/src/Illuminate/Foundation/Http/Kernel.php(254): Illuminate\Foundation\Application->bootstrapWith(Array)
#8 /home/luiz/code/refl/vendor/laravel/framework/src/Illuminate/Foundation/Http/Kernel.php(145): Illuminate\Foundation\Http\Kernel->bootstrap()
#9 /home/luiz/code/refl/vendor/laravel/framework/src/Illuminate/Foundation/Http/Kernel.php(117): Illuminate\Foundation\Http\Kernel->sendRequestThroughRouter(Object(Illuminate\Http\Request))
#10 /home/luiz/code/refl/vendor/laravel/framework/src/Illuminate/Foundation/Testing/Concerns/MakesHttpRequests.php(582): Illuminate\Foundation\Http\Kernel->handle(Object(Illuminate\Http\Request))
#11 /home/luiz/code/refl/vendor/laravel/framework/src/Illuminate/Foundation/Testing/Concerns/InteractsWithPages.php(90): Illuminate\Foundation\Testing\TestCase->call('GET', 'http://localhos...', Array, Array, Array)
#12 /home/luiz/code/refl/vendor/laravel/framework/src/Illuminate/Foundation/Testing/Concerns/InteractsWithPages.php(61): Illuminate\Foundation\Testing\TestCase->makeRequest('GET', 'http://localhos...')
#13 /home/luiz/code/refl/tests/Unit/RestfulControllerTest.php(17): Illuminate\Foundation\Testing\TestCase->visit('/posts')
#14 [internal function]: RestfulControllerTest->test_index()
#15 /home/luiz/code/refl/vendor/phpunit/phpunit/src/Framework/TestCase.php(1085): ReflectionMethod->invokeArgs(Object(RestfulControllerTest), Array)
#16 /home/luiz/code/refl/vendor/phpunit/phpunit/src/Framework/TestCase.php(936): PHPUnit_Framework_TestCase->runTest()
#17 /home/luiz/code/refl/vendor/phpunit/phpunit/src/Framework/TestResult.php(701): PHPUnit_Framework_TestCase->runBare()
#18 /home/luiz/code/refl/vendor/phpunit/phpunit/src/Framework/TestCase.php(892): PHPUnit_Framework_TestResult->run(Object(RestfulControllerTest))
#19 /home/luiz/code/refl/vendor/phpunit/phpunit/src/Framework/TestSuite.php(728): PHPUnit_Framework_TestCase->run(Object(PHPUnit_Framework_TestResult))
#20 /home/luiz/code/refl/vendor/phpunit/phpunit/src/Framework/TestSuite.php(728): PHPUnit_Framework_TestSuite->run(Object(PHPUnit_Framework_TestResult))
#21 /home/luiz/code/refl/vendor/phpunit/phpunit/src/TextUI/TestRunner.php(465): PHPUnit_Framework_TestSuite->run(Object(PHPUnit_Framework_TestResult))
#22 /home/luiz/code/refl/vendor/phpunit/phpunit/src/TextUI/Command.php(185): PHPUnit_TextUI_TestRunner->doRun(Object(PHPUnit_Framework_TestSuite), Array, true)
#23 /home/luiz/code/refl/vendor/phpunit/phpunit/src/TextUI/Command.php(115): PHPUnit_TextUI_Command->run(Array, true)
#24 /home/luiz/code/refl/vendor/phpunit/phpunit/phpunit(52): PHPUnit_TextUI_Command::main()
#25 {main}  
[2016-12-13 21:19:13] testing.ERROR: ErrorException: array_map(): Argument #2 should be an array in /home/luiz/code/refl/src/ReflServiceProvider.php:53
Stack trace:
#0 [internal function]: Illuminate\Foundation\Bootstrap\HandleExceptions->handleError(2, 'array_map(): Ar...', '/home/luiz/code...', 53, Array)
#1 /home/luiz/code/refl/src/ReflServiceProvider.php(53): array_map(Object(Closure), Object(Symfony\Component\Finder\Finder))
#2 /home/luiz/code/refl/src/ReflServiceProvider.php(24): Refl\ReflServiceProvider->findResourcesClasses()
#3 /home/luiz/code/refl/src/ReflServiceProvider.php(17): Refl\ReflServiceProvider->bindResourceRoutes(Object(Illuminate\Routing\Router))
#4 [internal function]: Refl\ReflServiceProvider->boot(Object(Illuminate\Routing\Router))
#5 /home/luiz/code/refl/vendor/laravel/framework/src/Illuminate/Container/Container.php(508): call_user_func_array(Array, Array)
#6 /home/luiz/code/refl/vendor/laravel/framework/src/Illuminate/Foundation/Application.php(769): Illuminate\Container\Container->call(Array)
#7 /home/luiz/code/refl/vendor/laravel/framework/src/Illuminate/Foundation/Application.php(752): Illuminate\Foundation\Application->bootProvider(Object(Refl\ReflServiceProvider))
#8 [internal function]: Illuminate\Foundation\Application->Illuminate\Foundation\{closure}(Object(Refl\ReflServiceProvider), 12)
#9 /home/luiz/code/refl/vendor/laravel/framework/src/Illuminate/Foundation/Application.php(753): array_walk(Array, Object(Closure))
#10 /home/luiz/code/refl/vendor/laravel/framework/src/Illuminate/Foundation/Bootstrap/BootProviders.php(17): Illuminate\Foundation\Application->boot()
#11 /home/luiz/code/refl/vendor/laravel/framework/src/Illuminate/Foundation/Application.php(203): Illuminate\Foundation\Bootstrap\BootProviders->bootstrap(Object(Illuminate\Foundation\Application))
#12 /home/luiz/code/refl/vendor/laravel/framework/src/Illuminate/Foundation/Http/Kernel.php(254): Illuminate\Foundation\Application->bootstrapWith(Array)
#13 /home/luiz/code/refl/vendor/laravel/framework/src/Illuminate/Foundation/Http/Kernel.php(145): Illuminate\Foundation\Http\Kernel->bootstrap()
#14 /home/luiz/code/refl/vendor/laravel/framework/src/Illuminate/Foundation/Http/Kernel.php(117): Illuminate\Foundation\Http\Kernel->sendRequestThroughRouter(Object(Illuminate\Http\Request))
#15 /home/luiz/code/refl/vendor/laravel/framework/src/Illuminate/Foundation/Testing/Concerns/MakesHttpRequests.php(582): Illuminate\Foundation\Http\Kernel->handle(Object(Illuminate\Http\Request))
#16 /home/luiz/code/refl/vendor/laravel/framework/src/Illuminate/Foundation/Testing/Concerns/InteractsWithPages.php(90): Illuminate\Foundation\Testing\TestCase->call('GET', 'http://localhos...', Array, Array, Array)
#17 /home/luiz/code/refl/vendor/laravel/framework/src/Illuminate/Foundation/Testing/Concerns/InteractsWithPages.php(61): Illuminate\Foundation\Testing\TestCase->makeRequest('GET', 'http://localhos...')
#18 /home/luiz/code/refl/tests/Unit/RestfulControllerTest.php(17): Illuminate\Foundation\Testing\TestCase->visit('/posts')
#19 [internal function]: RestfulControllerTest->test_index()
#20 /home/luiz/code/refl/vendor/phpunit/phpunit/src/Framework/TestCase.php(1085): ReflectionMethod->invokeArgs(Object(RestfulControllerTest), Array)
#21 /home/luiz/code/refl/vendor/phpunit/phpunit/src/Framework/TestCase.php(936): PHPUnit_Framework_TestCase->runTest()
#22 /home/luiz/code/refl/vendor/phpunit/phpunit/src/Framework/TestResult.php(701): PHPUnit_Framework_TestCase->runBare()
#23 /home/luiz/code/refl/vendor/phpunit/phpunit/src/Framework/TestCase.php(892): PHPUnit_Framework_TestResult->run(Object(RestfulControllerTest))
#24 /home/luiz/code/refl/vendor/phpunit/phpunit/src/Framework/TestSuite.php(728): PHPUnit_Framework_TestCase->run(Object(PHPUnit_Framework_TestResult))
#25 /home/luiz/code/refl/vendor/phpunit/phpunit/src/Framework/TestSuite.php(728): PHPUnit_Framework_TestSuite->run(Object(PHPUnit_Framework_TestResult))
#26 /home/luiz/code/refl/vendor/phpunit/phpunit/src/TextUI/TestRunner.php(465): PHPUnit_Framework_TestSuite->run(Object(PHPUnit_Framework_TestResult))
#27 /home/luiz/code/refl/vendor/phpunit/phpunit/src/TextUI/Command.php(185): PHPUnit_TextUI_TestRunner->doRun(Object(PHPUnit_Framework_TestSuite), Array, true)
#28 /home/luiz/code/refl/vendor/phpunit/phpunit/src/TextUI/Command.php(115): PHPUnit_TextUI_Command->run(Array, true)
#29 /home/luiz/code/refl/vendor/phpunit/phpunit/phpunit(52): PHPUnit_TextUI_Command::main()
#30 {main}  
[2016-12-13 21:20:02] testing.ERROR: ErrorException: array_map(): Argument #2 should be an array in /home/luiz/code/refl/src/ReflServiceProvider.php:55
Stack trace:
#0 [internal function]: Illuminate\Foundation\Bootstrap\HandleExceptions->handleError(2, 'array_map(): Ar...', '/home/luiz/code...', 55, Array)
#1 /home/luiz/code/refl/src/ReflServiceProvider.php(55): array_map(Object(Closure), Object(Symfony\Component\Finder\Finder))
#2 /home/luiz/code/refl/src/ReflServiceProvider.php(24): Refl\ReflServiceProvider->findResourcesClasses()
#3 /home/luiz/code/refl/src/ReflServiceProvider.php(17): Refl\ReflServiceProvider->bindResourceRoutes(Object(Illuminate\Routing\Router))
#4 [internal function]: Refl\ReflServiceProvider->boot(Object(Illuminate\Routing\Router))
#5 /home/luiz/code/refl/vendor/laravel/framework/src/Illuminate/Container/Container.php(508): call_user_func_array(Array, Array)
#6 /home/luiz/code/refl/vendor/laravel/framework/src/Illuminate/Foundation/Application.php(769): Illuminate\Container\Container->call(Array)
#7 /home/luiz/code/refl/vendor/laravel/framework/src/Illuminate/Foundation/Application.php(752): Illuminate\Foundation\Application->bootProvider(Object(Refl\ReflServiceProvider))
#8 [internal function]: Illuminate\Foundation\Application->Illuminate\Foundation\{closure}(Object(Refl\ReflServiceProvider), 12)
#9 /home/luiz/code/refl/vendor/laravel/framework/src/Illuminate/Foundation/Application.php(753): array_walk(Array, Object(Closure))
#10 /home/luiz/code/refl/vendor/laravel/framework/src/Illuminate/Foundation/Bootstrap/BootProviders.php(17): Illuminate\Foundation\Application->boot()
#11 /home/luiz/code/refl/vendor/laravel/framework/src/Illuminate/Foundation/Application.php(203): Illuminate\Foundation\Bootstrap\BootProviders->bootstrap(Object(Illuminate\Foundation\Application))
#12 /home/luiz/code/refl/vendor/laravel/framework/src/Illuminate/Foundation/Http/Kernel.php(254): Illuminate\Foundation\Application->bootstrapWith(Array)
#13 /home/luiz/code/refl/vendor/laravel/framework/src/Illuminate/Foundation/Http/Kernel.php(145): Illuminate\Foundation\Http\Kernel->bootstrap()
#14 /home/luiz/code/refl/vendor/laravel/framework/src/Illuminate/Foundation/Http/Kernel.php(117): Illuminate\Foundation\Http\Kernel->sendRequestThroughRouter(Object(Illuminate\Http\Request))
#15 /home/luiz/code/refl/vendor/laravel/framework/src/Illuminate/Foundation/Testing/Concerns/MakesHttpRequests.php(582): Illuminate\Foundation\Http\Kernel->handle(Object(Illuminate\Http\Request))
#16 /home/luiz/code/refl/vendor/laravel/framework/src/Illuminate/Foundation/Testing/Concerns/InteractsWithPages.php(90): Illuminate\Foundation\Testing\TestCase->call('GET', 'http://localhos...', Array, Array, Array)
#17 /home/luiz/code/refl/vendor/laravel/framework/src/Illuminate/Foundation/Testing/Concerns/InteractsWithPages.php(61): Illuminate\Foundation\Testing\TestCase->makeRequest('GET', 'http://localhos...')
#18 /home/luiz/code/refl/tests/Unit/RestfulControllerTest.php(17): Illuminate\Foundation\Testing\TestCase->visit('/posts')
#19 [internal function]: RestfulControllerTest->test_index()
#20 /home/luiz/code/refl/vendor/phpunit/phpunit/src/Framework/TestCase.php(1085): ReflectionMethod->invokeArgs(Object(RestfulControllerTest), Array)
#21 /home/luiz/code/refl/vendor/phpunit/phpunit/src/Framework/TestCase.php(936): PHPUnit_Framework_TestCase->runTest()
#22 /home/luiz/code/refl/vendor/phpunit/phpunit/src/Framework/TestResult.php(701): PHPUnit_Framework_TestCase->runBare()
#23 /home/luiz/code/refl/vendor/phpunit/phpunit/src/Framework/TestCase.php(892): PHPUnit_Framework_TestResult->run(Object(RestfulControllerTest))
#24 /home/luiz/code/refl/vendor/phpunit/phpunit/src/Framework/TestSuite.php(728): PHPUnit_Framework_TestCase->run(Object(PHPUnit_Framework_TestResult))
#25 /home/luiz/code/refl/vendor/phpunit/phpunit/src/Framework/TestSuite.php(728): PHPUnit_Framework_TestSuite->run(Object(PHPUnit_Framework_TestResult))
#26 /home/luiz/code/refl/vendor/phpunit/phpunit/src/TextUI/TestRunner.php(465): PHPUnit_Framework_TestSuite->run(Object(PHPUnit_Framework_TestResult))
#27 /home/luiz/code/refl/vendor/phpunit/phpunit/src/TextUI/Command.php(185): PHPUnit_TextUI_TestRunner->doRun(Object(PHPUnit_Framework_TestSuite), Array, true)
#28 /home/luiz/code/refl/vendor/phpunit/phpunit/src/TextUI/Command.php(115): PHPUnit_TextUI_Command->run(Array, true)
#29 /home/luiz/code/refl/vendor/phpunit/phpunit/phpunit(52): PHPUnit_TextUI_Command::main()
#30 {main}  
[2016-12-13 21:20:34] testing.ERROR: ErrorException: array_map(): Argument #2 should be an array in /home/luiz/code/refl/src/ReflServiceProvider.php:55
Stack trace:
#0 [internal function]: Illuminate\Foundation\Bootstrap\HandleExceptions->handleError(2, 'array_map(): Ar...', '/home/luiz/code...', 55, Array)
#1 /home/luiz/code/refl/src/ReflServiceProvider.php(55): array_map(Object(Closure), Object(Symfony\Component\Finder\Finder))
#2 /home/luiz/code/refl/src/ReflServiceProvider.php(24): Refl\ReflServiceProvider->findResourcesClasses()
#3 /home/luiz/code/refl/src/ReflServiceProvider.php(17): Refl\ReflServiceProvider->bindResourceRoutes(Object(Illuminate\Routing\Router))
#4 [internal function]: Refl\ReflServiceProvider->boot(Object(Illuminate\Routing\Router))
#5 /home/luiz/code/refl/vendor/laravel/framework/src/Illuminate/Container/Container.php(508): call_user_func_array(Array, Array)
#6 /home/luiz/code/refl/vendor/laravel/framework/src/Illuminate/Foundation/Application.php(769): Illuminate\Container\Container->call(Array)
#7 /home/luiz/code/refl/vendor/laravel/framework/src/Illuminate/Foundation/Application.php(752): Illuminate\Foundation\Application->bootProvider(Object(Refl\ReflServiceProvider))
#8 [internal function]: Illuminate\Foundation\Application->Illuminate\Foundation\{closure}(Object(Refl\ReflServiceProvider), 12)
#9 /home/luiz/code/refl/vendor/laravel/framework/src/Illuminate/Foundation/Application.php(753): array_walk(Array, Object(Closure))
#10 /home/luiz/code/refl/vendor/laravel/framework/src/Illuminate/Foundation/Bootstrap/BootProviders.php(17): Illuminate\Foundation\Application->boot()
#11 /home/luiz/code/refl/vendor/laravel/framework/src/Illuminate/Foundation/Application.php(203): Illuminate\Foundation\Bootstrap\BootProviders->bootstrap(Object(Illuminate\Foundation\Application))
#12 /home/luiz/code/refl/vendor/laravel/framework/src/Illuminate/Foundation/Http/Kernel.php(254): Illuminate\Foundation\Application->bootstrapWith(Array)
#13 /home/luiz/code/refl/vendor/laravel/framework/src/Illuminate/Foundation/Http/Kernel.php(145): Illuminate\Foundation\Http\Kernel->bootstrap()
#14 /home/luiz/code/refl/vendor/laravel/framework/src/Illuminate/Foundation/Http/Kernel.php(117): Illuminate\Foundation\Http\Kernel->sendRequestThroughRouter(Object(Illuminate\Http\Request))
#15 /home/luiz/code/refl/vendor/laravel/framework/src/Illuminate/Foundation/Testing/Concerns/MakesHttpRequests.php(582): Illuminate\Foundation\Http\Kernel->handle(Object(Illuminate\Http\Request))
#16 /home/luiz/code/refl/vendor/laravel/framework/src/Illuminate/Foundation/Testing/Concerns/InteractsWithPages.php(90): Illuminate\Foundation\Testing\TestCase->call('GET', 'http://localhos...', Array, Array, Array)
#17 /home/luiz/code/refl/vendor/laravel/framework/src/Illuminate/Foundation/Testing/Concerns/InteractsWithPages.php(61): Illuminate\Foundation\Testing\TestCase->makeRequest('GET', 'http://localhos...')
#18 /home/luiz/code/refl/tests/Unit/RestfulControllerTest.php(17): Illuminate\Foundation\Testing\TestCase->visit('/posts')
#19 [internal function]: RestfulControllerTest->test_index()
#20 /home/luiz/code/refl/vendor/phpunit/phpunit/src/Framework/TestCase.php(1085): ReflectionMethod->invokeArgs(Object(RestfulControllerTest), Array)
#21 /home/luiz/code/refl/vendor/phpunit/phpunit/src/Framework/TestCase.php(936): PHPUnit_Framework_TestCase->runTest()
#22 /home/luiz/code/refl/vendor/phpunit/phpunit/src/Framework/TestResult.php(701): PHPUnit_Framework_TestCase->runBare()
#23 /home/luiz/code/refl/vendor/phpunit/phpunit/src/Framework/TestCase.php(892): PHPUnit_Framework_TestResult->run(Object(RestfulControllerTest))
#24 /home/luiz/code/refl/vendor/phpunit/phpunit/src/Framework/TestSuite.php(728): PHPUnit_Framework_TestCase->run(Object(PHPUnit_Framework_TestResult))
#25 /home/luiz/code/refl/vendor/phpunit/phpunit/src/Framework/TestSuite.php(728): PHPUnit_Framework_TestSuite->run(Object(PHPUnit_Framework_TestResult))
#26 /home/luiz/code/refl/vendor/phpunit/phpunit/src/TextUI/TestRunner.php(465): PHPUnit_Framework_TestSuite->run(Object(PHPUnit_Framework_TestResult))
#27 /home/luiz/code/refl/vendor/phpunit/phpunit/src/TextUI/Command.php(185): PHPUnit_TextUI_TestRunner->doRun(Object(PHPUnit_Framework_TestSuite), Array, true)
#28 /home/luiz/code/refl/vendor/phpunit/phpunit/src/TextUI/Command.php(115): PHPUnit_TextUI_Command->run(Array, true)
#29 /home/luiz/code/refl/vendor/phpunit/phpunit/phpunit(52): PHPUnit_TextUI_Command::main()
#30 {main}  
[2016-12-13 21:23:23] testing.ERROR: ErrorException: array_map(): Argument #2 should be an array in /home/luiz/code/refl/src/ReflServiceProvider.php:56
Stack trace:
#0 [internal function]: Illuminate\Foundation\Bootstrap\HandleExceptions->handleError(2, 'array_map(): Ar...', '/home/luiz/code...', 56, Array)
#1 /home/luiz/code/refl/src/ReflServiceProvider.php(56): array_map(Object(Closure), Object(Symfony\Component\Finder\Finder))
#2 /home/luiz/code/refl/src/ReflServiceProvider.php(24): Refl\ReflServiceProvider->findResourcesClasses()
#3 /home/luiz/code/refl/src/ReflServiceProvider.php(17): Refl\ReflServiceProvider->bindResourceRoutes(Object(Illuminate\Routing\Router))
#4 [internal function]: Refl\ReflServiceProvider->boot(Object(Illuminate\Routing\Router))
#5 /home/luiz/code/refl/vendor/laravel/framework/src/Illuminate/Container/Container.php(508): call_user_func_array(Array, Array)
#6 /home/luiz/code/refl/vendor/laravel/framework/src/Illuminate/Foundation/Application.php(769): Illuminate\Container\Container->call(Array)
#7 /home/luiz/code/refl/vendor/laravel/framework/src/Illuminate/Foundation/Application.php(752): Illuminate\Foundation\Application->bootProvider(Object(Refl\ReflServiceProvider))
#8 [internal function]: Illuminate\Foundation\Application->Illuminate\Foundation\{closure}(Object(Refl\ReflServiceProvider), 12)
#9 /home/luiz/code/refl/vendor/laravel/framework/src/Illuminate/Foundation/Application.php(753): array_walk(Array, Object(Closure))
#10 /home/luiz/code/refl/vendor/laravel/framework/src/Illuminate/Foundation/Bootstrap/BootProviders.php(17): Illuminate\Foundation\Application->boot()
#11 /home/luiz/code/refl/vendor/laravel/framework/src/Illuminate/Foundation/Application.php(203): Illuminate\Foundation\Bootstrap\BootProviders->bootstrap(Object(Illuminate\Foundation\Application))
#12 /home/luiz/code/refl/vendor/laravel/framework/src/Illuminate/Foundation/Http/Kernel.php(254): Illuminate\Foundation\Application->bootstrapWith(Array)
#13 /home/luiz/code/refl/vendor/laravel/framework/src/Illuminate/Foundation/Http/Kernel.php(145): Illuminate\Foundation\Http\Kernel->bootstrap()
#14 /home/luiz/code/refl/vendor/laravel/framework/src/Illuminate/Foundation/Http/Kernel.php(117): Illuminate\Foundation\Http\Kernel->sendRequestThroughRouter(Object(Illuminate\Http\Request))
#15 /home/luiz/code/refl/vendor/laravel/framework/src/Illuminate/Foundation/Testing/Concerns/MakesHttpRequests.php(582): Illuminate\Foundation\Http\Kernel->handle(Object(Illuminate\Http\Request))
#16 /home/luiz/code/refl/vendor/laravel/framework/src/Illuminate/Foundation/Testing/Concerns/InteractsWithPages.php(90): Illuminate\Foundation\Testing\TestCase->call('GET', 'http://localhos...', Array, Array, Array)
#17 /home/luiz/code/refl/vendor/laravel/framework/src/Illuminate/Foundation/Testing/Concerns/InteractsWithPages.php(61): Illuminate\Foundation\Testing\TestCase->makeRequest('GET', 'http://localhos...')
#18 /home/luiz/code/refl/tests/Unit/RestfulControllerTest.php(17): Illuminate\Foundation\Testing\TestCase->visit('/posts')
#19 [internal function]: RestfulControllerTest->test_index()
#20 /home/luiz/code/refl/vendor/phpunit/phpunit/src/Framework/TestCase.php(1085): ReflectionMethod->invokeArgs(Object(RestfulControllerTest), Array)
#21 /home/luiz/code/refl/vendor/phpunit/phpunit/src/Framework/TestCase.php(936): PHPUnit_Framework_TestCase->runTest()
#22 /home/luiz/code/refl/vendor/phpunit/phpunit/src/Framework/TestResult.php(701): PHPUnit_Framework_TestCase->runBare()
#23 /home/luiz/code/refl/vendor/phpunit/phpunit/src/Framework/TestCase.php(892): PHPUnit_Framework_TestResult->run(Object(RestfulControllerTest))
#24 /home/luiz/code/refl/vendor/phpunit/phpunit/src/Framework/TestSuite.php(728): PHPUnit_Framework_TestCase->run(Object(PHPUnit_Framework_TestResult))
#25 /home/luiz/code/refl/vendor/phpunit/phpunit/src/Framework/TestSuite.php(728): PHPUnit_Framework_TestSuite->run(Object(PHPUnit_Framework_TestResult))
#26 /home/luiz/code/refl/vendor/phpunit/phpunit/src/TextUI/TestRunner.php(465): PHPUnit_Framework_TestSuite->run(Object(PHPUnit_Framework_TestResult))
#27 /home/luiz/code/refl/vendor/phpunit/phpunit/src/TextUI/Command.php(185): PHPUnit_TextUI_TestRunner->doRun(Object(PHPUnit_Framework_TestSuite), Array, true)
#28 /home/luiz/code/refl/vendor/phpunit/phpunit/src/TextUI/Command.php(115): PHPUnit_TextUI_Command->run(Array, true)
#29 /home/luiz/code/refl/vendor/phpunit/phpunit/phpunit(52): PHPUnit_TextUI_Command::main()
#30 {main}  
[2016-12-13 21:24:21] testing.ERROR: Symfony\Component\Debug\Exception\FatalThrowableError: Call to undefined method Symfony\Component\Finder\Finder::iterator_to_array() in /home/luiz/code/refl/src/ReflServiceProvider.php:45
Stack trace:
#0 /home/luiz/code/refl/src/ReflServiceProvider.php(24): Refl\ReflServiceProvider->findResourcesClasses()
#1 /home/luiz/code/refl/src/ReflServiceProvider.php(17): Refl\ReflServiceProvider->bindResourceRoutes(Object(Illuminate\Routing\Router))
#2 [internal function]: Refl\ReflServiceProvider->boot(Object(Illuminate\Routing\Router))
#3 /home/luiz/code/refl/vendor/laravel/framework/src/Illuminate/Container/Container.php(508): call_user_func_array(Array, Array)
#4 /home/luiz/code/refl/vendor/laravel/framework/src/Illuminate/Foundation/Application.php(769): Illuminate\Container\Container->call(Array)
#5 /home/luiz/code/refl/vendor/laravel/framework/src/Illuminate/Foundation/Application.php(752): Illuminate\Foundation\Application->bootProvider(Object(Refl\ReflServiceProvider))
#6 [internal function]: Illuminate\Foundation\Application->Illuminate\Foundation\{closure}(Object(Refl\ReflServiceProvider), 12)
#7 /home/luiz/code/refl/vendor/laravel/framework/src/Illuminate/Foundation/Application.php(753): array_walk(Array, Object(Closure))
#8 /home/luiz/code/refl/vendor/laravel/framework/src/Illuminate/Foundation/Bootstrap/BootProviders.php(17): Illuminate\Foundation\Application->boot()
#9 /home/luiz/code/refl/vendor/laravel/framework/src/Illuminate/Foundation/Application.php(203): Illuminate\Foundation\Bootstrap\BootProviders->bootstrap(Object(Illuminate\Foundation\Application))
#10 /home/luiz/code/refl/vendor/laravel/framework/src/Illuminate/Foundation/Http/Kernel.php(254): Illuminate\Foundation\Application->bootstrapWith(Array)
#11 /home/luiz/code/refl/vendor/laravel/framework/src/Illuminate/Foundation/Http/Kernel.php(145): Illuminate\Foundation\Http\Kernel->bootstrap()
#12 /home/luiz/code/refl/vendor/laravel/framework/src/Illuminate/Foundation/Http/Kernel.php(117): Illuminate\Foundation\Http\Kernel->sendRequestThroughRouter(Object(Illuminate\Http\Request))
#13 /home/luiz/code/refl/vendor/laravel/framework/src/Illuminate/Foundation/Testing/Concerns/MakesHttpRequests.php(582): Illuminate\Foundation\Http\Kernel->handle(Object(Illuminate\Http\Request))
#14 /home/luiz/code/refl/vendor/laravel/framework/src/Illuminate/Foundation/Testing/Concerns/InteractsWithPages.php(90): Illuminate\Foundation\Testing\TestCase->call('GET', 'http://localhos...', Array, Array, Array)
#15 /home/luiz/code/refl/vendor/laravel/framework/src/Illuminate/Foundation/Testing/Concerns/InteractsWithPages.php(61): Illuminate\Foundation\Testing\TestCase->makeRequest('GET', 'http://localhos...')
#16 /home/luiz/code/refl/tests/Unit/RestfulControllerTest.php(17): Illuminate\Foundation\Testing\TestCase->visit('/posts')
#17 [internal function]: RestfulControllerTest->test_index()
#18 /home/luiz/code/refl/vendor/phpunit/phpunit/src/Framework/TestCase.php(1085): ReflectionMethod->invokeArgs(Object(RestfulControllerTest), Array)
#19 /home/luiz/code/refl/vendor/phpunit/phpunit/src/Framework/TestCase.php(936): PHPUnit_Framework_TestCase->runTest()
#20 /home/luiz/code/refl/vendor/phpunit/phpunit/src/Framework/TestResult.php(701): PHPUnit_Framework_TestCase->runBare()
#21 /home/luiz/code/refl/vendor/phpunit/phpunit/src/Framework/TestCase.php(892): PHPUnit_Framework_TestResult->run(Object(RestfulControllerTest))
#22 /home/luiz/code/refl/vendor/phpunit/phpunit/src/Framework/TestSuite.php(728): PHPUnit_Framework_TestCase->run(Object(PHPUnit_Framework_TestResult))
#23 /home/luiz/code/refl/vendor/phpunit/phpunit/src/Framework/TestSuite.php(728): PHPUnit_Framework_TestSuite->run(Object(PHPUnit_Framework_TestResult))
#24 /home/luiz/code/refl/vendor/phpunit/phpunit/src/TextUI/TestRunner.php(465): PHPUnit_Framework_TestSuite->run(Object(PHPUnit_Framework_TestResult))
#25 /home/luiz/code/refl/vendor/phpunit/phpunit/src/TextUI/Command.php(185): PHPUnit_TextUI_TestRunner->doRun(Object(PHPUnit_Framework_TestSuite), Array, true)
#26 /home/luiz/code/refl/vendor/phpunit/phpunit/src/TextUI/Command.php(115): PHPUnit_TextUI_Command->run(Array, true)
#27 /home/luiz/code/refl/vendor/phpunit/phpunit/phpunit(52): PHPUnit_TextUI_Command::main()
#28 {main}  
[2016-12-13 21:24:50] testing.ERROR: Symfony\Component\Debug\Exception\FatalThrowableError: Call to undefined method Symfony\Component\Finder\Finder::iterator_to_array() in /home/luiz/code/refl/src/ReflServiceProvider.php:45
Stack trace:
#0 /home/luiz/code/refl/src/ReflServiceProvider.php(24): Refl\ReflServiceProvider->findResourcesClasses()
#1 /home/luiz/code/refl/src/ReflServiceProvider.php(17): Refl\ReflServiceProvider->bindResourceRoutes(Object(Illuminate\Routing\Router))
#2 [internal function]: Refl\ReflServiceProvider->boot(Object(Illuminate\Routing\Router))
#3 /home/luiz/code/refl/vendor/laravel/framework/src/Illuminate/Container/Container.php(508): call_user_func_array(Array, Array)
#4 /home/luiz/code/refl/vendor/laravel/framework/src/Illuminate/Foundation/Application.php(769): Illuminate\Container\Container->call(Array)
#5 /home/luiz/code/refl/vendor/laravel/framework/src/Illuminate/Foundation/Application.php(752): Illuminate\Foundation\Application->bootProvider(Object(Refl\ReflServiceProvider))
#6 [internal function]: Illuminate\Foundation\Application->Illuminate\Foundation\{closure}(Object(Refl\ReflServiceProvider), 12)
#7 /home/luiz/code/refl/vendor/laravel/framework/src/Illuminate/Foundation/Application.php(753): array_walk(Array, Object(Closure))
#8 /home/luiz/code/refl/vendor/laravel/framework/src/Illuminate/Foundation/Bootstrap/BootProviders.php(17): Illuminate\Foundation\Application->boot()
#9 /home/luiz/code/refl/vendor/laravel/framework/src/Illuminate/Foundation/Application.php(203): Illuminate\Foundation\Bootstrap\BootProviders->bootstrap(Object(Illuminate\Foundation\Application))
#10 /home/luiz/code/refl/vendor/laravel/framework/src/Illuminate/Foundation/Http/Kernel.php(254): Illuminate\Foundation\Application->bootstrapWith(Array)
#11 /home/luiz/code/refl/vendor/laravel/framework/src/Illuminate/Foundation/Http/Kernel.php(145): Illuminate\Foundation\Http\Kernel->bootstrap()
#12 /home/luiz/code/refl/vendor/laravel/framework/src/Illuminate/Foundation/Http/Kernel.php(117): Illuminate\Foundation\Http\Kernel->sendRequestThroughRouter(Object(Illuminate\Http\Request))
#13 /home/luiz/code/refl/vendor/laravel/framework/src/Illuminate/Foundation/Testing/Concerns/MakesHttpRequests.php(582): Illuminate\Foundation\Http\Kernel->handle(Object(Illuminate\Http\Request))
#14 /home/luiz/code/refl/vendor/laravel/framework/src/Illuminate/Foundation/Testing/Concerns/InteractsWithPages.php(90): Illuminate\Foundation\Testing\TestCase->call('GET', 'http://localhos...', Array, Array, Array)
#15 /home/luiz/code/refl/vendor/laravel/framework/src/Illuminate/Foundation/Testing/Concerns/InteractsWithPages.php(61): Illuminate\Foundation\Testing\TestCase->makeRequest('GET', 'http://localhos...')
#16 /home/luiz/code/refl/tests/Unit/RestfulControllerTest.php(17): Illuminate\Foundation\Testing\TestCase->visit('/posts')
#17 [internal function]: RestfulControllerTest->test_index()
#18 /home/luiz/code/refl/vendor/phpunit/phpunit/src/Framework/TestCase.php(1085): ReflectionMethod->invokeArgs(Object(RestfulControllerTest), Array)
#19 /home/luiz/code/refl/vendor/phpunit/phpunit/src/Framework/TestCase.php(936): PHPUnit_Framework_TestCase->runTest()
#20 /home/luiz/code/refl/vendor/phpunit/phpunit/src/Framework/TestResult.php(701): PHPUnit_Framework_TestCase->runBare()
#21 /home/luiz/code/refl/vendor/phpunit/phpunit/src/Framework/TestCase.php(892): PHPUnit_Framework_TestResult->run(Object(RestfulControllerTest))
#22 /home/luiz/code/refl/vendor/phpunit/phpunit/src/Framework/TestSuite.php(728): PHPUnit_Framework_TestCase->run(Object(PHPUnit_Framework_TestResult))
#23 /home/luiz/code/refl/vendor/phpunit/phpunit/src/Framework/TestSuite.php(728): PHPUnit_Framework_TestSuite->run(Object(PHPUnit_Framework_TestResult))
#24 /home/luiz/code/refl/vendor/phpunit/phpunit/src/TextUI/TestRunner.php(465): PHPUnit_Framework_TestSuite->run(Object(PHPUnit_Framework_TestResult))
#25 /home/luiz/code/refl/vendor/phpunit/phpunit/src/TextUI/Command.php(185): PHPUnit_TextUI_TestRunner->doRun(Object(PHPUnit_Framework_TestSuite), Array, true)
#26 /home/luiz/code/refl/vendor/phpunit/phpunit/src/TextUI/Command.php(115): PHPUnit_TextUI_Command->run(Array, true)
#27 /home/luiz/code/refl/vendor/phpunit/phpunit/phpunit(52): PHPUnit_TextUI_Command::main()
#28 {main}  
[2016-12-13 21:26:17] testing.ERROR: Symfony\Component\Debug\Exception\FatalThrowableError: Call to undefined method Illuminate\Support\ServiceProvider::boot() in /home/luiz/code/refl/src/ReflServiceProvider.php:19
Stack trace:
#0 [internal function]: Refl\ReflServiceProvider->boot(Object(Illuminate\Routing\Router))
#1 /home/luiz/code/refl/vendor/laravel/framework/src/Illuminate/Container/Container.php(508): call_user_func_array(Array, Array)
#2 /home/luiz/code/refl/vendor/laravel/framework/src/Illuminate/Foundation/Application.php(769): Illuminate\Container\Container->call(Array)
#3 /home/luiz/code/refl/vendor/laravel/framework/src/Illuminate/Foundation/Application.php(752): Illuminate\Foundation\Application->bootProvider(Object(Refl\ReflServiceProvider))
#4 [internal function]: Illuminate\Foundation\Application->Illuminate\Foundation\{closure}(Object(Refl\ReflServiceProvider), 12)
#5 /home/luiz/code/refl/vendor/laravel/framework/src/Illuminate/Foundation/Application.php(753): array_walk(Array, Object(Closure))
#6 /home/luiz/code/refl/vendor/laravel/framework/src/Illuminate/Foundation/Bootstrap/BootProviders.php(17): Illuminate\Foundation\Application->boot()
#7 /home/luiz/code/refl/vendor/laravel/framework/src/Illuminate/Foundation/Application.php(203): Illuminate\Foundation\Bootstrap\BootProviders->bootstrap(Object(Illuminate\Foundation\Application))
#8 /home/luiz/code/refl/vendor/laravel/framework/src/Illuminate/Foundation/Http/Kernel.php(254): Illuminate\Foundation\Application->bootstrapWith(Array)
#9 /home/luiz/code/refl/vendor/laravel/framework/src/Illuminate/Foundation/Http/Kernel.php(145): Illuminate\Foundation\Http\Kernel->bootstrap()
#10 /home/luiz/code/refl/vendor/laravel/framework/src/Illuminate/Foundation/Http/Kernel.php(117): Illuminate\Foundation\Http\Kernel->sendRequestThroughRouter(Object(Illuminate\Http\Request))
#11 /home/luiz/code/refl/vendor/laravel/framework/src/Illuminate/Foundation/Testing/Concerns/MakesHttpRequests.php(582): Illuminate\Foundation\Http\Kernel->handle(Object(Illuminate\Http\Request))
#12 /home/luiz/code/refl/vendor/laravel/framework/src/Illuminate/Foundation/Testing/Concerns/InteractsWithPages.php(90): Illuminate\Foundation\Testing\TestCase->call('GET', 'http://localhos...', Array, Array, Array)
#13 /home/luiz/code/refl/vendor/laravel/framework/src/Illuminate/Foundation/Testing/Concerns/InteractsWithPages.php(61): Illuminate\Foundation\Testing\TestCase->makeRequest('GET', 'http://localhos...')
#14 /home/luiz/code/refl/tests/Unit/RestfulControllerTest.php(17): Illuminate\Foundation\Testing\TestCase->visit('/posts')
#15 [internal function]: RestfulControllerTest->test_index()
#16 /home/luiz/code/refl/vendor/phpunit/phpunit/src/Framework/TestCase.php(1085): ReflectionMethod->invokeArgs(Object(RestfulControllerTest), Array)
#17 /home/luiz/code/refl/vendor/phpunit/phpunit/src/Framework/TestCase.php(936): PHPUnit_Framework_TestCase->runTest()
#18 /home/luiz/code/refl/vendor/phpunit/phpunit/src/Framework/TestResult.php(701): PHPUnit_Framework_TestCase->runBare()
#19 /home/luiz/code/refl/vendor/phpunit/phpunit/src/Framework/TestCase.php(892): PHPUnit_Framework_TestResult->run(Object(RestfulControllerTest))
#20 /home/luiz/code/refl/vendor/phpunit/phpunit/src/Framework/TestSuite.php(728): PHPUnit_Framework_TestCase->run(Object(PHPUnit_Framework_TestResult))
#21 /home/luiz/code/refl/vendor/phpunit/phpunit/src/Framework/TestSuite.php(728): PHPUnit_Framework_TestSuite->run(Object(PHPUnit_Framework_TestResult))
#22 /home/luiz/code/refl/vendor/phpunit/phpunit/src/TextUI/TestRunner.php(465): PHPUnit_Framework_TestSuite->run(Object(PHPUnit_Framework_TestResult))
#23 /home/luiz/code/refl/vendor/phpunit/phpunit/src/TextUI/Command.php(185): PHPUnit_TextUI_TestRunner->doRun(Object(PHPUnit_Framework_TestSuite), Array, true)
#24 /home/luiz/code/refl/vendor/phpunit/phpunit/src/TextUI/Command.php(115): PHPUnit_TextUI_Command->run(Array, true)
#25 /home/luiz/code/refl/vendor/phpunit/phpunit/phpunit(52): PHPUnit_TextUI_Command::main()
#26 {main}  
[2016-12-13 21:59:04] testing.ERROR: ErrorException: Undefined property: Refl\RestfulController::$index in /home/luiz/code/refl/src/Router/RestfulRouter.php:22
Stack trace:
#0 /home/luiz/code/refl/src/Router/RestfulRouter.php(22): Illuminate\Foundation\Bootstrap\HandleExceptions->handleError(8, 'Undefined prope...', '/home/luiz/code...', 22, Array)
#1 /home/luiz/code/refl/src/ReflServiceProvider.php(28): Refl\Router\RestfulRouter::bindController(Object(Illuminate\Routing\Router), Object(Refl\RestfulController))
#2 /home/luiz/code/refl/src/ReflServiceProvider.php(18): Refl\ReflServiceProvider->bindResourceRoutes(Object(Illuminate\Routing\Router))
#3 [internal function]: Refl\ReflServiceProvider->boot(Object(Illuminate\Routing\Router))
#4 /home/luiz/code/refl/vendor/laravel/framework/src/Illuminate/Container/Container.php(508): call_user_func_array(Array, Array)
#5 /home/luiz/code/refl/vendor/laravel/framework/src/Illuminate/Foundation/Application.php(769): Illuminate\Container\Container->call(Array)
#6 /home/luiz/code/refl/vendor/laravel/framework/src/Illuminate/Foundation/Application.php(752): Illuminate\Foundation\Application->bootProvider(Object(Refl\ReflServiceProvider))
#7 [internal function]: Illuminate\Foundation\Application->Illuminate\Foundation\{closure}(Object(Refl\ReflServiceProvider), 12)
#8 /home/luiz/code/refl/vendor/laravel/framework/src/Illuminate/Foundation/Application.php(753): array_walk(Array, Object(Closure))
#9 /home/luiz/code/refl/vendor/laravel/framework/src/Illuminate/Foundation/Bootstrap/BootProviders.php(17): Illuminate\Foundation\Application->boot()
#10 /home/luiz/code/refl/vendor/laravel/framework/src/Illuminate/Foundation/Application.php(203): Illuminate\Foundation\Bootstrap\BootProviders->bootstrap(Object(Illuminate\Foundation\Application))
#11 /home/luiz/code/refl/vendor/laravel/framework/src/Illuminate/Foundation/Http/Kernel.php(254): Illuminate\Foundation\Application->bootstrapWith(Array)
#12 /home/luiz/code/refl/vendor/laravel/framework/src/Illuminate/Foundation/Http/Kernel.php(145): Illuminate\Foundation\Http\Kernel->bootstrap()
#13 /home/luiz/code/refl/vendor/laravel/framework/src/Illuminate/Foundation/Http/Kernel.php(117): Illuminate\Foundation\Http\Kernel->sendRequestThroughRouter(Object(Illuminate\Http\Request))
#14 /home/luiz/code/refl/vendor/laravel/framework/src/Illuminate/Foundation/Testing/Concerns/MakesHttpRequests.php(582): Illuminate\Foundation\Http\Kernel->handle(Object(Illuminate\Http\Request))
#15 /home/luiz/code/refl/vendor/laravel/framework/src/Illuminate/Foundation/Testing/Concerns/InteractsWithPages.php(90): Illuminate\Foundation\Testing\TestCase->call('GET', 'http://localhos...', Array, Array, Array)
#16 /home/luiz/code/refl/vendor/laravel/framework/src/Illuminate/Foundation/Testing/Concerns/InteractsWithPages.php(61): Illuminate\Foundation\Testing\TestCase->makeRequest('GET', 'http://localhos...')
#17 /home/luiz/code/refl/tests/Unit/RestfulControllerTest.php(7): Illuminate\Foundation\Testing\TestCase->visit('/posts')
#18 [internal function]: RestfulControllerTest->test_index()
#19 /home/luiz/code/refl/vendor/phpunit/phpunit/src/Framework/TestCase.php(1085): ReflectionMethod->invokeArgs(Object(RestfulControllerTest), Array)
#20 /home/luiz/code/refl/vendor/phpunit/phpunit/src/Framework/TestCase.php(936): PHPUnit_Framework_TestCase->runTest()
#21 /home/luiz/code/refl/vendor/phpunit/phpunit/src/Framework/TestResult.php(701): PHPUnit_Framework_TestCase->runBare()
#22 /home/luiz/code/refl/vendor/phpunit/phpunit/src/Framework/TestCase.php(892): PHPUnit_Framework_TestResult->run(Object(RestfulControllerTest))
#23 /home/luiz/code/refl/vendor/phpunit/phpunit/src/Framework/TestSuite.php(728): PHPUnit_Framework_TestCase->run(Object(PHPUnit_Framework_TestResult))
#24 /home/luiz/code/refl/vendor/phpunit/phpunit/src/Framework/TestSuite.php(728): PHPUnit_Framework_TestSuite->run(Object(PHPUnit_Framework_TestResult))
#25 /home/luiz/code/refl/vendor/phpunit/phpunit/src/TextUI/TestRunner.php(465): PHPUnit_Framework_TestSuite->run(Object(PHPUnit_Framework_TestResult))
#26 /home/luiz/code/refl/vendor/phpunit/phpunit/src/TextUI/Command.php(185): PHPUnit_TextUI_TestRunner->doRun(Object(PHPUnit_Framework_TestSuite), Array, true)
#27 /home/luiz/code/refl/vendor/phpunit/phpunit/src/TextUI/Command.php(115): PHPUnit_TextUI_Command->run(Array, true)
#28 /home/luiz/code/refl/vendor/phpunit/phpunit/phpunit(52): PHPUnit_TextUI_Command::main()
#29 {main}  
[2016-12-13 22:00:17] testing.ERROR: ReflectionException: Function () does not exist in /home/luiz/code/refl/vendor/laravel/framework/src/Illuminate/Routing/Route.php:171
Stack trace:
#0 /home/luiz/code/refl/vendor/laravel/framework/src/Illuminate/Routing/Route.php(171): ReflectionFunction->__construct('')
#1 /home/luiz/code/refl/vendor/laravel/framework/src/Illuminate/Routing/Route.php(147): Illuminate\Routing\Route->runCallable()
#2 /home/luiz/code/refl/vendor/laravel/framework/src/Illuminate/Routing/Router.php(653): Illuminate\Routing\Route->run(Object(Illuminate\Http\Request))
#3 /home/luiz/code/refl/vendor/laravel/framework/src/Illuminate/Routing/Pipeline.php(53): Illuminate\Routing\Router->Illuminate\Routing\{closure}(Object(Illuminate\Http\Request))
#4 /home/luiz/code/refl/vendor/laravel/framework/src/Illuminate/Pipeline/Pipeline.php(104): Illuminate\Routing\Pipeline->Illuminate\Routing\{closure}(Object(Illuminate\Http\Request))
#5 /home/luiz/code/refl/vendor/laravel/framework/src/Illuminate/Routing/Router.php(655): Illuminate\Pipeline\Pipeline->then(Object(Closure))
#6 /home/luiz/code/refl/vendor/laravel/framework/src/Illuminate/Routing/Router.php(629): Illuminate\Routing\Router->runRouteWithinStack(Object(Illuminate\Routing\Route), Object(Illuminate\Http\Request))
#7 /home/luiz/code/refl/vendor/laravel/framework/src/Illuminate/Routing/Router.php(607): Illuminate\Routing\Router->dispatchToRoute(Object(Illuminate\Http\Request))
#8 /home/luiz/code/refl/vendor/laravel/framework/src/Illuminate/Foundation/Http/Kernel.php(268): Illuminate\Routing\Router->dispatch(Object(Illuminate\Http\Request))
#9 /home/luiz/code/refl/vendor/laravel/framework/src/Illuminate/Routing/Pipeline.php(53): Illuminate\Foundation\Http\Kernel->Illuminate\Foundation\Http\{closure}(Object(Illuminate\Http\Request))
#10 /home/luiz/code/refl/vendor/laravel/framework/src/Illuminate/Foundation/Http/Middleware/CheckForMaintenanceMode.php(46): Illuminate\Routing\Pipeline->Illuminate\Routing\{closure}(Object(Illuminate\Http\Request))
#11 /home/luiz/code/refl/vendor/laravel/framework/src/Illuminate/Pipeline/Pipeline.php(137): Illuminate\Foundation\Http\Middleware\CheckForMaintenanceMode->handle(Object(Illuminate\Http\Request), Object(Closure))
#12 /home/luiz/code/refl/vendor/laravel/framework/src/Illuminate/Routing/Pipeline.php(33): Illuminate\Pipeline\Pipeline->Illuminate\Pipeline\{closure}(Object(Illuminate\Http\Request))
#13 /home/luiz/code/refl/vendor/laravel/framework/src/Illuminate/Pipeline/Pipeline.php(104): Illuminate\Routing\Pipeline->Illuminate\Routing\{closure}(Object(Illuminate\Http\Request))
#14 /home/luiz/code/refl/vendor/laravel/framework/src/Illuminate/Foundation/Http/Kernel.php(150): Illuminate\Pipeline\Pipeline->then(Object(Closure))
#15 /home/luiz/code/refl/vendor/laravel/framework/src/Illuminate/Foundation/Http/Kernel.php(117): Illuminate\Foundation\Http\Kernel->sendRequestThroughRouter(Object(Illuminate\Http\Request))
#16 /home/luiz/code/refl/vendor/laravel/framework/src/Illuminate/Foundation/Testing/Concerns/MakesHttpRequests.php(582): Illuminate\Foundation\Http\Kernel->handle(Object(Illuminate\Http\Request))
#17 /home/luiz/code/refl/vendor/laravel/framework/src/Illuminate/Foundation/Testing/Concerns/InteractsWithPages.php(90): Illuminate\Foundation\Testing\TestCase->call('GET', 'http://localhos...', Array, Array, Array)
#18 /home/luiz/code/refl/vendor/laravel/framework/src/Illuminate/Foundation/Testing/Concerns/InteractsWithPages.php(61): Illuminate\Foundation\Testing\TestCase->makeRequest('GET', 'http://localhos...')
#19 /home/luiz/code/refl/tests/Unit/RestfulControllerTest.php(7): Illuminate\Foundation\Testing\TestCase->visit('/posts')
#20 [internal function]: RestfulControllerTest->test_index()
#21 /home/luiz/code/refl/vendor/phpunit/phpunit/src/Framework/TestCase.php(1085): ReflectionMethod->invokeArgs(Object(RestfulControllerTest), Array)
#22 /home/luiz/code/refl/vendor/phpunit/phpunit/src/Framework/TestCase.php(936): PHPUnit_Framework_TestCase->runTest()
#23 /home/luiz/code/refl/vendor/phpunit/phpunit/src/Framework/TestResult.php(701): PHPUnit_Framework_TestCase->runBare()
#24 /home/luiz/code/refl/vendor/phpunit/phpunit/src/Framework/TestCase.php(892): PHPUnit_Framework_TestResult->run(Object(RestfulControllerTest))
#25 /home/luiz/code/refl/vendor/phpunit/phpunit/src/Framework/TestSuite.php(728): PHPUnit_Framework_TestCase->run(Object(PHPUnit_Framework_TestResult))
#26 /home/luiz/code/refl/vendor/phpunit/phpunit/src/Framework/TestSuite.php(728): PHPUnit_Framework_TestSuite->run(Object(PHPUnit_Framework_TestResult))
#27 /home/luiz/code/refl/vendor/phpunit/phpunit/src/TextUI/TestRunner.php(465): PHPUnit_Framework_TestSuite->run(Object(PHPUnit_Framework_TestResult))
#28 /home/luiz/code/refl/vendor/phpunit/phpunit/src/TextUI/Command.php(185): PHPUnit_TextUI_TestRunner->doRun(Object(PHPUnit_Framework_TestSuite), Array, true)
#29 /home/luiz/code/refl/vendor/phpunit/phpunit/src/TextUI/Command.php(115): PHPUnit_TextUI_Command->run(Array, true)
#30 /home/luiz/code/refl/vendor/phpunit/phpunit/phpunit(52): PHPUnit_TextUI_Command::main()
#31 {main}  
[2016-12-13 22:00:53] testing.ERROR: Symfony\Component\Debug\Exception\FatalThrowableError: Type error: ReflectionFunction::__construct() expects parameter 1 to be string, array given in /home/luiz/code/refl/vendor/laravel/framework/src/Illuminate/Routing/Route.php:171
Stack trace:
#0 /home/luiz/code/refl/vendor/laravel/framework/src/Illuminate/Routing/Route.php(171): ReflectionFunction->__construct(Array)
#1 /home/luiz/code/refl/vendor/laravel/framework/src/Illuminate/Routing/Route.php(147): Illuminate\Routing\Route->runCallable()
#2 /home/luiz/code/refl/vendor/laravel/framework/src/Illuminate/Routing/Router.php(653): Illuminate\Routing\Route->run(Object(Illuminate\Http\Request))
#3 /home/luiz/code/refl/vendor/laravel/framework/src/Illuminate/Routing/Pipeline.php(53): Illuminate\Routing\Router->Illuminate\Routing\{closure}(Object(Illuminate\Http\Request))
#4 /home/luiz/code/refl/vendor/laravel/framework/src/Illuminate/Pipeline/Pipeline.php(104): Illuminate\Routing\Pipeline->Illuminate\Routing\{closure}(Object(Illuminate\Http\Request))
#5 /home/luiz/code/refl/vendor/laravel/framework/src/Illuminate/Routing/Router.php(655): Illuminate\Pipeline\Pipeline->then(Object(Closure))
#6 /home/luiz/code/refl/vendor/laravel/framework/src/Illuminate/Routing/Router.php(629): Illuminate\Routing\Router->runRouteWithinStack(Object(Illuminate\Routing\Route), Object(Illuminate\Http\Request))
#7 /home/luiz/code/refl/vendor/laravel/framework/src/Illuminate/Routing/Router.php(607): Illuminate\Routing\Router->dispatchToRoute(Object(Illuminate\Http\Request))
#8 /home/luiz/code/refl/vendor/laravel/framework/src/Illuminate/Foundation/Http/Kernel.php(268): Illuminate\Routing\Router->dispatch(Object(Illuminate\Http\Request))
#9 /home/luiz/code/refl/vendor/laravel/framework/src/Illuminate/Routing/Pipeline.php(53): Illuminate\Foundation\Http\Kernel->Illuminate\Foundation\Http\{closure}(Object(Illuminate\Http\Request))
#10 /home/luiz/code/refl/vendor/laravel/framework/src/Illuminate/Foundation/Http/Middleware/CheckForMaintenanceMode.php(46): Illuminate\Routing\Pipeline->Illuminate\Routing\{closure}(Object(Illuminate\Http\Request))
#11 /home/luiz/code/refl/vendor/laravel/framework/src/Illuminate/Pipeline/Pipeline.php(137): Illuminate\Foundation\Http\Middleware\CheckForMaintenanceMode->handle(Object(Illuminate\Http\Request), Object(Closure))
#12 /home/luiz/code/refl/vendor/laravel/framework/src/Illuminate/Routing/Pipeline.php(33): Illuminate\Pipeline\Pipeline->Illuminate\Pipeline\{closure}(Object(Illuminate\Http\Request))
#13 /home/luiz/code/refl/vendor/laravel/framework/src/Illuminate/Pipeline/Pipeline.php(104): Illuminate\Routing\Pipeline->Illuminate\Routing\{closure}(Object(Illuminate\Http\Request))
#14 /home/luiz/code/refl/vendor/laravel/framework/src/Illuminate/Foundation/Http/Kernel.php(150): Illuminate\Pipeline\Pipeline->then(Object(Closure))
#15 /home/luiz/code/refl/vendor/laravel/framework/src/Illuminate/Foundation/Http/Kernel.php(117): Illuminate\Foundation\Http\Kernel->sendRequestThroughRouter(Object(Illuminate\Http\Request))
#16 /home/luiz/code/refl/vendor/laravel/framework/src/Illuminate/Foundation/Testing/Concerns/MakesHttpRequests.php(582): Illuminate\Foundation\Http\Kernel->handle(Object(Illuminate\Http\Request))
#17 /home/luiz/code/refl/vendor/laravel/framework/src/Illuminate/Foundation/Testing/Concerns/InteractsWithPages.php(90): Illuminate\Foundation\Testing\TestCase->call('GET', 'http://localhos...', Array, Array, Array)
#18 /home/luiz/code/refl/vendor/laravel/framework/src/Illuminate/Foundation/Testing/Concerns/InteractsWithPages.php(61): Illuminate\Foundation\Testing\TestCase->makeRequest('GET', 'http://localhos...')
#19 /home/luiz/code/refl/tests/Unit/RestfulControllerTest.php(7): Illuminate\Foundation\Testing\TestCase->visit('/posts')
#20 [internal function]: RestfulControllerTest->test_index()
#21 /home/luiz/code/refl/vendor/phpunit/phpunit/src/Framework/TestCase.php(1085): ReflectionMethod->invokeArgs(Object(RestfulControllerTest), Array)
#22 /home/luiz/code/refl/vendor/phpunit/phpunit/src/Framework/TestCase.php(936): PHPUnit_Framework_TestCase->runTest()
#23 /home/luiz/code/refl/vendor/phpunit/phpunit/src/Framework/TestResult.php(701): PHPUnit_Framework_TestCase->runBare()
#24 /home/luiz/code/refl/vendor/phpunit/phpunit/src/Framework/TestCase.php(892): PHPUnit_Framework_TestResult->run(Object(RestfulControllerTest))
#25 /home/luiz/code/refl/vendor/phpunit/phpunit/src/Framework/TestSuite.php(728): PHPUnit_Framework_TestCase->run(Object(PHPUnit_Framework_TestResult))
#26 /home/luiz/code/refl/vendor/phpunit/phpunit/src/Framework/TestSuite.php(728): PHPUnit_Framework_TestSuite->run(Object(PHPUnit_Framework_TestResult))
#27 /home/luiz/code/refl/vendor/phpunit/phpunit/src/TextUI/TestRunner.php(465): PHPUnit_Framework_TestSuite->run(Object(PHPUnit_Framework_TestResult))
#28 /home/luiz/code/refl/vendor/phpunit/phpunit/src/TextUI/Command.php(185): PHPUnit_TextUI_TestRunner->doRun(Object(PHPUnit_Framework_TestSuite), Array, true)
#29 /home/luiz/code/refl/vendor/phpunit/phpunit/src/TextUI/Command.php(115): PHPUnit_TextUI_Command->run(Array, true)
#30 /home/luiz/code/refl/vendor/phpunit/phpunit/phpunit(52): PHPUnit_TextUI_Command::main()
#31 {main}  
[2016-12-13 22:12:41] testing.ERROR: Symfony\Component\Debug\Exception\FatalThrowableError: Type error: ReflectionFunction::__construct() expects parameter 1 to be string, array given in /home/luiz/code/refl/vendor/laravel/framework/src/Illuminate/Routing/Route.php:171
Stack trace:
#0 /home/luiz/code/refl/vendor/laravel/framework/src/Illuminate/Routing/Route.php(171): ReflectionFunction->__construct(Array)
#1 /home/luiz/code/refl/vendor/laravel/framework/src/Illuminate/Routing/Route.php(147): Illuminate\Routing\Route->runCallable()
#2 /home/luiz/code/refl/vendor/laravel/framework/src/Illuminate/Routing/Router.php(653): Illuminate\Routing\Route->run(Object(Illuminate\Http\Request))
#3 /home/luiz/code/refl/vendor/laravel/framework/src/Illuminate/Routing/Pipeline.php(53): Illuminate\Routing\Router->Illuminate\Routing\{closure}(Object(Illuminate\Http\Request))
#4 /home/luiz/code/refl/vendor/laravel/framework/src/Illuminate/Pipeline/Pipeline.php(104): Illuminate\Routing\Pipeline->Illuminate\Routing\{closure}(Object(Illuminate\Http\Request))
#5 /home/luiz/code/refl/vendor/laravel/framework/src/Illuminate/Routing/Router.php(655): Illuminate\Pipeline\Pipeline->then(Object(Closure))
#6 /home/luiz/code/refl/vendor/laravel/framework/src/Illuminate/Routing/Router.php(629): Illuminate\Routing\Router->runRouteWithinStack(Object(Illuminate\Routing\Route), Object(Illuminate\Http\Request))
#7 /home/luiz/code/refl/vendor/laravel/framework/src/Illuminate/Routing/Router.php(607): Illuminate\Routing\Router->dispatchToRoute(Object(Illuminate\Http\Request))
#8 /home/luiz/code/refl/vendor/laravel/framework/src/Illuminate/Foundation/Http/Kernel.php(268): Illuminate\Routing\Router->dispatch(Object(Illuminate\Http\Request))
#9 /home/luiz/code/refl/vendor/laravel/framework/src/Illuminate/Routing/Pipeline.php(53): Illuminate\Foundation\Http\Kernel->Illuminate\Foundation\Http\{closure}(Object(Illuminate\Http\Request))
#10 /home/luiz/code/refl/vendor/laravel/framework/src/Illuminate/Foundation/Http/Middleware/CheckForMaintenanceMode.php(46): Illuminate\Routing\Pipeline->Illuminate\Routing\{closure}(Object(Illuminate\Http\Request))
#11 /home/luiz/code/refl/vendor/laravel/framework/src/Illuminate/Pipeline/Pipeline.php(137): Illuminate\Foundation\Http\Middleware\CheckForMaintenanceMode->handle(Object(Illuminate\Http\Request), Object(Closure))
#12 /home/luiz/code/refl/vendor/laravel/framework/src/Illuminate/Routing/Pipeline.php(33): Illuminate\Pipeline\Pipeline->Illuminate\Pipeline\{closure}(Object(Illuminate\Http\Request))
#13 /home/luiz/code/refl/vendor/laravel/framework/src/Illuminate/Pipeline/Pipeline.php(104): Illuminate\Routing\Pipeline->Illuminate\Routing\{closure}(Object(Illuminate\Http\Request))
#14 /home/luiz/code/refl/vendor/laravel/framework/src/Illuminate/Foundation/Http/Kernel.php(150): Illuminate\Pipeline\Pipeline->then(Object(Closure))
#15 /home/luiz/code/refl/vendor/laravel/framework/src/Illuminate/Foundation/Http/Kernel.php(117): Illuminate\Foundation\Http\Kernel->sendRequestThroughRouter(Object(Illuminate\Http\Request))
#16 /home/luiz/code/refl/vendor/laravel/framework/src/Illuminate/Foundation/Testing/Concerns/MakesHttpRequests.php(582): Illuminate\Foundation\Http\Kernel->handle(Object(Illuminate\Http\Request))
#17 /home/luiz/code/refl/vendor/laravel/framework/src/Illuminate/Foundation/Testing/Concerns/InteractsWithPages.php(90): Illuminate\Foundation\Testing\TestCase->call('GET', 'http://localhos...', Array, Array, Array)
#18 /home/luiz/code/refl/vendor/laravel/framework/src/Illuminate/Foundation/Testing/Concerns/InteractsWithPages.php(61): Illuminate\Foundation\Testing\TestCase->makeRequest('GET', 'http://localhos...')
#19 /home/luiz/code/refl/tests/Unit/RestfulControllerTest.php(7): Illuminate\Foundation\Testing\TestCase->visit('/posts')
#20 [internal function]: RestfulControllerTest->test_index()
#21 /home/luiz/code/refl/vendor/phpunit/phpunit/src/Framework/TestCase.php(1085): ReflectionMethod->invokeArgs(Object(RestfulControllerTest), Array)
#22 /home/luiz/code/refl/vendor/phpunit/phpunit/src/Framework/TestCase.php(936): PHPUnit_Framework_TestCase->runTest()
#23 /home/luiz/code/refl/vendor/phpunit/phpunit/src/Framework/TestResult.php(701): PHPUnit_Framework_TestCase->runBare()
#24 /home/luiz/code/refl/vendor/phpunit/phpunit/src/Framework/TestCase.php(892): PHPUnit_Framework_TestResult->run(Object(RestfulControllerTest))
#25 /home/luiz/code/refl/vendor/phpunit/phpunit/src/Framework/TestSuite.php(728): PHPUnit_Framework_TestCase->run(Object(PHPUnit_Framework_TestResult))
#26 /home/luiz/code/refl/vendor/phpunit/phpunit/src/Framework/TestSuite.php(728): PHPUnit_Framework_TestSuite->run(Object(PHPUnit_Framework_TestResult))
#27 /home/luiz/code/refl/vendor/phpunit/phpunit/src/TextUI/TestRunner.php(465): PHPUnit_Framework_TestSuite->run(Object(PHPUnit_Framework_TestResult))
#28 /home/luiz/code/refl/vendor/phpunit/phpunit/src/TextUI/Command.php(185): PHPUnit_TextUI_TestRunner->doRun(Object(PHPUnit_Framework_TestSuite), Array, true)
#29 /home/luiz/code/refl/vendor/phpunit/phpunit/src/TextUI/Command.php(115): PHPUnit_TextUI_Command->run(Array, true)
#30 /home/luiz/code/refl/vendor/phpunit/phpunit/phpunit(52): PHPUnit_TextUI_Command::main()
#31 {main}  
[2016-12-13 22:38:34] testing.ERROR: Symfony\Component\Debug\Exception\FatalThrowableError: Type error: Argument 1 passed to Refl\RestfulController::index() must be an instance of Illuminate\Http\Request, null given, called in /home/luiz/code/refl/src/Router/RestfulRouter.php on line 25 in /home/luiz/code/refl/src/RestfulController.php:25
Stack trace:
#0 /home/luiz/code/refl/src/Router/RestfulRouter.php(25): Refl\RestfulController->index(NULL)
#1 /home/luiz/code/refl/vendor/laravel/framework/src/Illuminate/Routing/Route.php(176): Refl\Router\RestfulRouter::Refl\Router\{closure}()
#2 /home/luiz/code/refl/vendor/laravel/framework/src/Illuminate/Routing/Route.php(147): Illuminate\Routing\Route->runCallable()
#3 /home/luiz/code/refl/vendor/laravel/framework/src/Illuminate/Routing/Router.php(653): Illuminate\Routing\Route->run(Object(Illuminate\Http\Request))
#4 /home/luiz/code/refl/vendor/laravel/framework/src/Illuminate/Routing/Pipeline.php(53): Illuminate\Routing\Router->Illuminate\Routing\{closure}(Object(Illuminate\Http\Request))
#5 /home/luiz/code/refl/vendor/laravel/framework/src/Illuminate/Pipeline/Pipeline.php(104): Illuminate\Routing\Pipeline->Illuminate\Routing\{closure}(Object(Illuminate\Http\Request))
#6 /home/luiz/code/refl/vendor/laravel/framework/src/Illuminate/Routing/Router.php(655): Illuminate\Pipeline\Pipeline->then(Object(Closure))
#7 /home/luiz/code/refl/vendor/laravel/framework/src/Illuminate/Routing/Router.php(629): Illuminate\Routing\Router->runRouteWithinStack(Object(Illuminate\Routing\Route), Object(Illuminate\Http\Request))
#8 /home/luiz/code/refl/vendor/laravel/framework/src/Illuminate/Routing/Router.php(607): Illuminate\Routing\Router->dispatchToRoute(Object(Illuminate\Http\Request))
#9 /home/luiz/code/refl/vendor/laravel/framework/src/Illuminate/Foundation/Http/Kernel.php(268): Illuminate\Routing\Router->dispatch(Object(Illuminate\Http\Request))
#10 /home/luiz/code/refl/vendor/laravel/framework/src/Illuminate/Routing/Pipeline.php(53): Illuminate\Foundation\Http\Kernel->Illuminate\Foundation\Http\{closure}(Object(Illuminate\Http\Request))
#11 /home/luiz/code/refl/vendor/laravel/framework/src/Illuminate/Foundation/Http/Middleware/CheckForMaintenanceMode.php(46): Illuminate\Routing\Pipeline->Illuminate\Routing\{closure}(Object(Illuminate\Http\Request))
#12 /home/luiz/code/refl/vendor/laravel/framework/src/Illuminate/Pipeline/Pipeline.php(137): Illuminate\Foundation\Http\Middleware\CheckForMaintenanceMode->handle(Object(Illuminate\Http\Request), Object(Closure))
#13 /home/luiz/code/refl/vendor/laravel/framework/src/Illuminate/Routing/Pipeline.php(33): Illuminate\Pipeline\Pipeline->Illuminate\Pipeline\{closure}(Object(Illuminate\Http\Request))
#14 /home/luiz/code/refl/vendor/laravel/framework/src/Illuminate/Pipeline/Pipeline.php(104): Illuminate\Routing\Pipeline->Illuminate\Routing\{closure}(Object(Illuminate\Http\Request))
#15 /home/luiz/code/refl/vendor/laravel/framework/src/Illuminate/Foundation/Http/Kernel.php(150): Illuminate\Pipeline\Pipeline->then(Object(Closure))
#16 /home/luiz/code/refl/vendor/laravel/framework/src/Illuminate/Foundation/Http/Kernel.php(117): Illuminate\Foundation\Http\Kernel->sendRequestThroughRouter(Object(Illuminate\Http\Request))
#17 /home/luiz/code/refl/vendor/laravel/framework/src/Illuminate/Foundation/Testing/Concerns/MakesHttpRequests.php(582): Illuminate\Foundation\Http\Kernel->handle(Object(Illuminate\Http\Request))
#18 /home/luiz/code/refl/vendor/laravel/framework/src/Illuminate/Foundation/Testing/Concerns/InteractsWithPages.php(90): Illuminate\Foundation\Testing\TestCase->call('GET', 'http://localhos...', Array, Array, Array)
#19 /home/luiz/code/refl/vendor/laravel/framework/src/Illuminate/Foundation/Testing/Concerns/InteractsWithPages.php(61): Illuminate\Foundation\Testing\TestCase->makeRequest('GET', 'http://localhos...')
#20 /home/luiz/code/refl/tests/Unit/RestfulControllerTest.php(7): Illuminate\Foundation\Testing\TestCase->visit('/posts')
#21 [internal function]: RestfulControllerTest->test_index()
#22 /home/luiz/code/refl/vendor/phpunit/phpunit/src/Framework/TestCase.php(1085): ReflectionMethod->invokeArgs(Object(RestfulControllerTest), Array)
#23 /home/luiz/code/refl/vendor/phpunit/phpunit/src/Framework/TestCase.php(936): PHPUnit_Framework_TestCase->runTest()
#24 /home/luiz/code/refl/vendor/phpunit/phpunit/src/Framework/TestResult.php(701): PHPUnit_Framework_TestCase->runBare()
#25 /home/luiz/code/refl/vendor/phpunit/phpunit/src/Framework/TestCase.php(892): PHPUnit_Framework_TestResult->run(Object(RestfulControllerTest))
#26 /home/luiz/code/refl/vendor/phpunit/phpunit/src/Framework/TestSuite.php(728): PHPUnit_Framework_TestCase->run(Object(PHPUnit_Framework_TestResult))
#27 /home/luiz/code/refl/vendor/phpunit/phpunit/src/Framework/TestSuite.php(728): PHPUnit_Framework_TestSuite->run(Object(PHPUnit_Framework_TestResult))
#28 /home/luiz/code/refl/vendor/phpunit/phpunit/src/TextUI/TestRunner.php(465): PHPUnit_Framework_TestSuite->run(Object(PHPUnit_Framework_TestResult))
#29 /home/luiz/code/refl/vendor/phpunit/phpunit/src/TextUI/Command.php(185): PHPUnit_TextUI_TestRunner->doRun(Object(PHPUnit_Framework_TestSuite), Array, true)
#30 /home/luiz/code/refl/vendor/phpunit/phpunit/src/TextUI/Command.php(115): PHPUnit_TextUI_Command->run(Array, true)
#31 /home/luiz/code/refl/vendor/phpunit/phpunit/phpunit(52): PHPUnit_TextUI_Command::main()
#32 {main}  
[2016-12-13 22:39:03] testing.ERROR: Symfony\Component\Debug\Exception\FatalThrowableError: Type error: Argument 1 passed to Refl\RestfulController::index() must be an instance of Illuminate\Http\Request, null given, called in /home/luiz/code/refl/src/Router/RestfulRouter.php on line 25 in /home/luiz/code/refl/src/RestfulController.php:25
Stack trace:
#0 /home/luiz/code/refl/src/Router/RestfulRouter.php(25): Refl\RestfulController->index(NULL)
#1 /home/luiz/code/refl/vendor/laravel/framework/src/Illuminate/Routing/Route.php(176): Refl\Router\RestfulRouter::Refl\Router\{closure}(Object(Illuminate\Http\Request))
#2 /home/luiz/code/refl/vendor/laravel/framework/src/Illuminate/Routing/Route.php(147): Illuminate\Routing\Route->runCallable()
#3 /home/luiz/code/refl/vendor/laravel/framework/src/Illuminate/Routing/Router.php(653): Illuminate\Routing\Route->run(Object(Illuminate\Http\Request))
#4 /home/luiz/code/refl/vendor/laravel/framework/src/Illuminate/Routing/Pipeline.php(53): Illuminate\Routing\Router->Illuminate\Routing\{closure}(Object(Illuminate\Http\Request))
#5 /home/luiz/code/refl/vendor/laravel/framework/src/Illuminate/Pipeline/Pipeline.php(104): Illuminate\Routing\Pipeline->Illuminate\Routing\{closure}(Object(Illuminate\Http\Request))
#6 /home/luiz/code/refl/vendor/laravel/framework/src/Illuminate/Routing/Router.php(655): Illuminate\Pipeline\Pipeline->then(Object(Closure))
#7 /home/luiz/code/refl/vendor/laravel/framework/src/Illuminate/Routing/Router.php(629): Illuminate\Routing\Router->runRouteWithinStack(Object(Illuminate\Routing\Route), Object(Illuminate\Http\Request))
#8 /home/luiz/code/refl/vendor/laravel/framework/src/Illuminate/Routing/Router.php(607): Illuminate\Routing\Router->dispatchToRoute(Object(Illuminate\Http\Request))
#9 /home/luiz/code/refl/vendor/laravel/framework/src/Illuminate/Foundation/Http/Kernel.php(268): Illuminate\Routing\Router->dispatch(Object(Illuminate\Http\Request))
#10 /home/luiz/code/refl/vendor/laravel/framework/src/Illuminate/Routing/Pipeline.php(53): Illuminate\Foundation\Http\Kernel->Illuminate\Foundation\Http\{closure}(Object(Illuminate\Http\Request))
#11 /home/luiz/code/refl/vendor/laravel/framework/src/Illuminate/Foundation/Http/Middleware/CheckForMaintenanceMode.php(46): Illuminate\Routing\Pipeline->Illuminate\Routing\{closure}(Object(Illuminate\Http\Request))
#12 /home/luiz/code/refl/vendor/laravel/framework/src/Illuminate/Pipeline/Pipeline.php(137): Illuminate\Foundation\Http\Middleware\CheckForMaintenanceMode->handle(Object(Illuminate\Http\Request), Object(Closure))
#13 /home/luiz/code/refl/vendor/laravel/framework/src/Illuminate/Routing/Pipeline.php(33): Illuminate\Pipeline\Pipeline->Illuminate\Pipeline\{closure}(Object(Illuminate\Http\Request))
#14 /home/luiz/code/refl/vendor/laravel/framework/src/Illuminate/Pipeline/Pipeline.php(104): Illuminate\Routing\Pipeline->Illuminate\Routing\{closure}(Object(Illuminate\Http\Request))
#15 /home/luiz/code/refl/vendor/laravel/framework/src/Illuminate/Foundation/Http/Kernel.php(150): Illuminate\Pipeline\Pipeline->then(Object(Closure))
#16 /home/luiz/code/refl/vendor/laravel/framework/src/Illuminate/Foundation/Http/Kernel.php(117): Illuminate\Foundation\Http\Kernel->sendRequestThroughRouter(Object(Illuminate\Http\Request))
#17 /home/luiz/code/refl/vendor/laravel/framework/src/Illuminate/Foundation/Testing/Concerns/MakesHttpRequests.php(582): Illuminate\Foundation\Http\Kernel->handle(Object(Illuminate\Http\Request))
#18 /home/luiz/code/refl/vendor/laravel/framework/src/Illuminate/Foundation/Testing/Concerns/InteractsWithPages.php(90): Illuminate\Foundation\Testing\TestCase->call('GET', 'http://localhos...', Array, Array, Array)
#19 /home/luiz/code/refl/vendor/laravel/framework/src/Illuminate/Foundation/Testing/Concerns/InteractsWithPages.php(61): Illuminate\Foundation\Testing\TestCase->makeRequest('GET', 'http://localhos...')
#20 /home/luiz/code/refl/tests/Unit/RestfulControllerTest.php(7): Illuminate\Foundation\Testing\TestCase->visit('/posts')
#21 [internal function]: RestfulControllerTest->test_index()
#22 /home/luiz/code/refl/vendor/phpunit/phpunit/src/Framework/TestCase.php(1085): ReflectionMethod->invokeArgs(Object(RestfulControllerTest), Array)
#23 /home/luiz/code/refl/vendor/phpunit/phpunit/src/Framework/TestCase.php(936): PHPUnit_Framework_TestCase->runTest()
#24 /home/luiz/code/refl/vendor/phpunit/phpunit/src/Framework/TestResult.php(701): PHPUnit_Framework_TestCase->runBare()
#25 /home/luiz/code/refl/vendor/phpunit/phpunit/src/Framework/TestCase.php(892): PHPUnit_Framework_TestResult->run(Object(RestfulControllerTest))
#26 /home/luiz/code/refl/vendor/phpunit/phpunit/src/Framework/TestSuite.php(728): PHPUnit_Framework_TestCase->run(Object(PHPUnit_Framework_TestResult))
#27 /home/luiz/code/refl/vendor/phpunit/phpunit/src/Framework/TestSuite.php(728): PHPUnit_Framework_TestSuite->run(Object(PHPUnit_Framework_TestResult))
#28 /home/luiz/code/refl/vendor/phpunit/phpunit/src/TextUI/TestRunner.php(465): PHPUnit_Framework_TestSuite->run(Object(PHPUnit_Framework_TestResult))
#29 /home/luiz/code/refl/vendor/phpunit/phpunit/src/TextUI/Command.php(185): PHPUnit_TextUI_TestRunner->doRun(Object(PHPUnit_Framework_TestSuite), Array, true)
#30 /home/luiz/code/refl/vendor/phpunit/phpunit/src/TextUI/Command.php(115): PHPUnit_TextUI_Command->run(Array, true)
#31 /home/luiz/code/refl/vendor/phpunit/phpunit/phpunit(52): PHPUnit_TextUI_Command::main()
#32 {main}  
[2016-12-13 23:26:39] testing.ERROR: InvalidArgumentException: Please provide a valid cache path. in /home/luiz/code/refl/vendor/laravel/framework/src/Illuminate/View/Compilers/Compiler.php:36
Stack trace:
#0 /home/luiz/code/refl/vendor/laravel/framework/src/Illuminate/View/ViewServiceProvider.php(77): Illuminate\View\Compilers\Compiler->__construct(Object(Illuminate\Filesystem\Filesystem), false)
#1 /home/luiz/code/refl/vendor/laravel/framework/src/Illuminate/Container/Container.php(746): Illuminate\View\ViewServiceProvider->Illuminate\View\{closure}(Object(Illuminate\Foundation\Application), Array)
#2 /home/luiz/code/refl/vendor/laravel/framework/src/Illuminate/Container/Container.php(644): Illuminate\Container\Container->build(Object(Closure), Array)
#3 /home/luiz/code/refl/vendor/laravel/framework/src/Illuminate/Foundation/Application.php(709): Illuminate\Container\Container->make('blade.compiler', Array)
#4 /home/luiz/code/refl/vendor/laravel/framework/src/Illuminate/Container/Container.php(1203): Illuminate\Foundation\Application->make('blade.compiler')
#5 /home/luiz/code/refl/vendor/laravel/framework/src/Illuminate/View/ViewServiceProvider.php(81): Illuminate\Container\Container->offsetGet('blade.compiler')
#6 [internal function]: Illuminate\View\ViewServiceProvider->Illuminate\View\{closure}()
#7 /home/luiz/code/refl/vendor/laravel/framework/src/Illuminate/View/Engines/EngineResolver.php(54): call_user_func(Object(Closure))
#8 /home/luiz/code/refl/vendor/laravel/framework/src/Illuminate/View/Factory.php(320): Illuminate\View\Engines\EngineResolver->resolve('blade')
#9 /home/luiz/code/refl/vendor/laravel/framework/src/Illuminate/View/Factory.php(178): Illuminate\View\Factory->getEngineFromPath('/home/luiz/code...')
#10 /home/luiz/code/refl/vendor/laravel/framework/src/Illuminate/Foundation/helpers.php(856): Illuminate\View\Factory->make('refl.resource.i...', Array, Array)
#11 /home/luiz/code/refl/src/RestfulController.php(27): view('refl.resource.i...')
#12 /home/luiz/code/refl/src/Router/RestfulRouter.php(27): Refl\RestfulController->index(Object(Illuminate\Http\Request))
#13 /home/luiz/code/refl/vendor/laravel/framework/src/Illuminate/Routing/Route.php(176): Refl\Router\RestfulRouter::Refl\Router\{closure}(Object(Illuminate\Http\Request))
#14 /home/luiz/code/refl/vendor/laravel/framework/src/Illuminate/Routing/Route.php(147): Illuminate\Routing\Route->runCallable()
#15 /home/luiz/code/refl/vendor/laravel/framework/src/Illuminate/Routing/Router.php(653): Illuminate\Routing\Route->run(Object(Illuminate\Http\Request))
#16 /home/luiz/code/refl/vendor/laravel/framework/src/Illuminate/Routing/Pipeline.php(53): Illuminate\Routing\Router->Illuminate\Routing\{closure}(Object(Illuminate\Http\Request))
#17 /home/luiz/code/refl/vendor/laravel/framework/src/Illuminate/Pipeline/Pipeline.php(104): Illuminate\Routing\Pipeline->Illuminate\Routing\{closure}(Object(Illuminate\Http\Request))
#18 /home/luiz/code/refl/vendor/laravel/framework/src/Illuminate/Routing/Router.php(655): Illuminate\Pipeline\Pipeline->then(Object(Closure))
#19 /home/luiz/code/refl/vendor/laravel/framework/src/Illuminate/Routing/Router.php(629): Illuminate\Routing\Router->runRouteWithinStack(Object(Illuminate\Routing\Route), Object(Illuminate\Http\Request))
#20 /home/luiz/code/refl/vendor/laravel/framework/src/Illuminate/Routing/Router.php(607): Illuminate\Routing\Router->dispatchToRoute(Object(Illuminate\Http\Request))
#21 /home/luiz/code/refl/vendor/laravel/framework/src/Illuminate/Foundation/Http/Kernel.php(268): Illuminate\Routing\Router->dispatch(Object(Illuminate\Http\Request))
#22 /home/luiz/code/refl/vendor/laravel/framework/src/Illuminate/Routing/Pipeline.php(53): Illuminate\Foundation\Http\Kernel->Illuminate\Foundation\Http\{closure}(Object(Illuminate\Http\Request))
#23 /home/luiz/code/refl/vendor/laravel/framework/src/Illuminate/Foundation/Http/Middleware/CheckForMaintenanceMode.php(46): Illuminate\Routing\Pipeline->Illuminate\Routing\{closure}(Object(Illuminate\Http\Request))
#24 /home/luiz/code/refl/vendor/laravel/framework/src/Illuminate/Pipeline/Pipeline.php(137): Illuminate\Foundation\Http\Middleware\CheckForMaintenanceMode->handle(Object(Illuminate\Http\Request), Object(Closure))
#25 /home/luiz/code/refl/vendor/laravel/framework/src/Illuminate/Routing/Pipeline.php(33): Illuminate\Pipeline\Pipeline->Illuminate\Pipeline\{closure}(Object(Illuminate\Http\Request))
#26 /home/luiz/code/refl/vendor/laravel/framework/src/Illuminate/Pipeline/Pipeline.php(104): Illuminate\Routing\Pipeline->Illuminate\Routing\{closure}(Object(Illuminate\Http\Request))
#27 /home/luiz/code/refl/vendor/laravel/framework/src/Illuminate/Foundation/Http/Kernel.php(150): Illuminate\Pipeline\Pipeline->then(Object(Closure))
#28 /home/luiz/code/refl/vendor/laravel/framework/src/Illuminate/Foundation/Http/Kernel.php(117): Illuminate\Foundation\Http\Kernel->sendRequestThroughRouter(Object(Illuminate\Http\Request))
#29 /home/luiz/code/refl/vendor/laravel/framework/src/Illuminate/Foundation/Testing/Concerns/MakesHttpRequests.php(582): Illuminate\Foundation\Http\Kernel->handle(Object(Illuminate\Http\Request))
#30 /home/luiz/code/refl/vendor/laravel/framework/src/Illuminate/Foundation/Testing/Concerns/InteractsWithPages.php(90): Illuminate\Foundation\Testing\TestCase->call('GET', 'http://localhos...', Array, Array, Array)
#31 /home/luiz/code/refl/vendor/laravel/framework/src/Illuminate/Foundation/Testing/Concerns/InteractsWithPages.php(61): Illuminate\Foundation\Testing\TestCase->makeRequest('GET', 'http://localhos...')
#32 /home/luiz/code/refl/tests/Unit/RestfulControllerTest.php(17): Illuminate\Foundation\Testing\TestCase->visit('/posts')
#33 [internal function]: RestfulControllerTest->test_index()
#34 /home/luiz/code/refl/vendor/phpunit/phpunit/src/Framework/TestCase.php(1085): ReflectionMethod->invokeArgs(Object(RestfulControllerTest), Array)
#35 /home/luiz/code/refl/vendor/phpunit/phpunit/src/Framework/TestCase.php(936): PHPUnit_Framework_TestCase->runTest()
#36 /home/luiz/code/refl/vendor/phpunit/phpunit/src/Framework/TestResult.php(701): PHPUnit_Framework_TestCase->runBare()
#37 /home/luiz/code/refl/vendor/phpunit/phpunit/src/Framework/TestCase.php(892): PHPUnit_Framework_TestResult->run(Object(RestfulControllerTest))
#38 /home/luiz/code/refl/vendor/phpunit/phpunit/src/Framework/TestSuite.php(728): PHPUnit_Framework_TestCase->run(Object(PHPUnit_Framework_TestResult))
#39 /home/luiz/code/refl/vendor/phpunit/phpunit/src/Framework/TestSuite.php(728): PHPUnit_Framework_TestSuite->run(Object(PHPUnit_Framework_TestResult))
#40 /home/luiz/code/refl/vendor/phpunit/phpunit/src/TextUI/TestRunner.php(465): PHPUnit_Framework_TestSuite->run(Object(PHPUnit_Framework_TestResult))
#41 /home/luiz/code/refl/vendor/phpunit/phpunit/src/TextUI/Command.php(185): PHPUnit_TextUI_TestRunner->doRun(Object(PHPUnit_Framework_TestSuite), Array, true)
#42 /home/luiz/code/refl/vendor/phpunit/phpunit/src/TextUI/Command.php(115): PHPUnit_TextUI_Command->run(Array, true)
#43 /home/luiz/code/refl/vendor/phpunit/phpunit/phpunit(52): PHPUnit_TextUI_Command::main()
#44 {main}  
[2016-12-14 00:54:32] testing.ERROR: InvalidArgumentException: Database [] not configured. in /home/luiz/code/refl/vendor/laravel/framework/src/Illuminate/Database/DatabaseManager.php:239
Stack trace:
#0 /home/luiz/code/refl/vendor/laravel/framework/src/Illuminate/Database/DatabaseManager.php(158): Illuminate\Database\DatabaseManager->getConfig(NULL)
#1 /home/luiz/code/refl/vendor/laravel/framework/src/Illuminate/Database/DatabaseManager.php(68): Illuminate\Database\DatabaseManager->makeConnection(NULL)
#2 /home/luiz/code/refl/vendor/laravel/framework/src/Illuminate/Database/Eloquent/Model.php(3347): Illuminate\Database\DatabaseManager->connection(NULL)
#3 /home/luiz/code/refl/vendor/laravel/framework/src/Illuminate/Database/Eloquent/Model.php(3313): Illuminate\Database\Eloquent\Model::resolveConnection(NULL)
#4 /home/luiz/code/refl/vendor/laravel/framework/src/Illuminate/Database/Eloquent/Model.php(1857): Illuminate\Database\Eloquent\Model->getConnection()
#5 /home/luiz/code/refl/vendor/laravel/framework/src/Illuminate/Database/Eloquent/Model.php(1830): Illuminate\Database\Eloquent\Model->newBaseQueryBuilder()
#6 /home/luiz/code/refl/vendor/laravel/framework/src/Illuminate/Database/Eloquent/Model.php(1800): Illuminate\Database\Eloquent\Model->newQueryWithoutScopes()
#7 /home/luiz/code/refl/vendor/laravel/framework/src/Illuminate/Database/Eloquent/Model.php(3557): Illuminate\Database\Eloquent\Model->newQuery()
#8 /home/luiz/code/refl/src/Resource.php(42): Illuminate\Database\Eloquent\Model->__call('orderBy', Array)
#9 /home/luiz/code/refl/src/RestfulController.php(27): Refl\Resource->getIndexQuery()
#10 /home/luiz/code/refl/src/Router/RestfulRouter.php(27): Refl\RestfulController->index(Object(Illuminate\Http\Request))
#11 /home/luiz/code/refl/vendor/laravel/framework/src/Illuminate/Routing/Route.php(176): Refl\Router\RestfulRouter::Refl\Router\{closure}(Object(Illuminate\Http\Request))
#12 /home/luiz/code/refl/vendor/laravel/framework/src/Illuminate/Routing/Route.php(147): Illuminate\Routing\Route->runCallable()
#13 /home/luiz/code/refl/vendor/laravel/framework/src/Illuminate/Routing/Router.php(653): Illuminate\Routing\Route->run(Object(Illuminate\Http\Request))
#14 /home/luiz/code/refl/vendor/laravel/framework/src/Illuminate/Routing/Pipeline.php(53): Illuminate\Routing\Router->Illuminate\Routing\{closure}(Object(Illuminate\Http\Request))
#15 /home/luiz/code/refl/vendor/laravel/framework/src/Illuminate/Pipeline/Pipeline.php(104): Illuminate\Routing\Pipeline->Illuminate\Routing\{closure}(Object(Illuminate\Http\Request))
#16 /home/luiz/code/refl/vendor/laravel/framework/src/Illuminate/Routing/Router.php(655): Illuminate\Pipeline\Pipeline->then(Object(Closure))
#17 /home/luiz/code/refl/vendor/laravel/framework/src/Illuminate/Routing/Router.php(629): Illuminate\Routing\Router->runRouteWithinStack(Object(Illuminate\Routing\Route), Object(Illuminate\Http\Request))
#18 /home/luiz/code/refl/vendor/laravel/framework/src/Illuminate/Routing/Router.php(607): Illuminate\Routing\Router->dispatchToRoute(Object(Illuminate\Http\Request))
#19 /home/luiz/code/refl/vendor/laravel/framework/src/Illuminate/Foundation/Http/Kernel.php(268): Illuminate\Routing\Router->dispatch(Object(Illuminate\Http\Request))
#20 /home/luiz/code/refl/vendor/laravel/framework/src/Illuminate/Routing/Pipeline.php(53): Illuminate\Foundation\Http\Kernel->Illuminate\Foundation\Http\{closure}(Object(Illuminate\Http\Request))
#21 /home/luiz/code/refl/vendor/laravel/framework/src/Illuminate/Foundation/Http/Middleware/CheckForMaintenanceMode.php(46): Illuminate\Routing\Pipeline->Illuminate\Routing\{closure}(Object(Illuminate\Http\Request))
#22 /home/luiz/code/refl/vendor/laravel/framework/src/Illuminate/Pipeline/Pipeline.php(137): Illuminate\Foundation\Http\Middleware\CheckForMaintenanceMode->handle(Object(Illuminate\Http\Request), Object(Closure))
#23 /home/luiz/code/refl/vendor/laravel/framework/src/Illuminate/Routing/Pipeline.php(33): Illuminate\Pipeline\Pipeline->Illuminate\Pipeline\{closure}(Object(Illuminate\Http\Request))
#24 /home/luiz/code/refl/vendor/laravel/framework/src/Illuminate/Pipeline/Pipeline.php(104): Illuminate\Routing\Pipeline->Illuminate\Routing\{closure}(Object(Illuminate\Http\Request))
#25 /home/luiz/code/refl/vendor/laravel/framework/src/Illuminate/Foundation/Http/Kernel.php(150): Illuminate\Pipeline\Pipeline->then(Object(Closure))
#26 /home/luiz/code/refl/vendor/laravel/framework/src/Illuminate/Foundation/Http/Kernel.php(117): Illuminate\Foundation\Http\Kernel->sendRequestThroughRouter(Object(Illuminate\Http\Request))
#27 /home/luiz/code/refl/vendor/laravel/framework/src/Illuminate/Foundation/Testing/Concerns/MakesHttpRequests.php(582): Illuminate\Foundation\Http\Kernel->handle(Object(Illuminate\Http\Request))
#28 /home/luiz/code/refl/vendor/laravel/framework/src/Illuminate/Foundation/Testing/Concerns/InteractsWithPages.php(90): Illuminate\Foundation\Testing\TestCase->call('GET', 'http://localhos...', Array, Array, Array)
#29 /home/luiz/code/refl/vendor/laravel/framework/src/Illuminate/Foundation/Testing/Concerns/InteractsWithPages.php(61): Illuminate\Foundation\Testing\TestCase->makeRequest('GET', 'http://localhos...')
#30 /home/luiz/code/refl/tests/Unit/RestfulControllerTest.php(17): Illuminate\Foundation\Testing\TestCase->visit('/posts')
#31 [internal function]: RestfulControllerTest->test_index()
#32 /home/luiz/code/refl/vendor/phpunit/phpunit/src/Framework/TestCase.php(1085): ReflectionMethod->invokeArgs(Object(RestfulControllerTest), Array)
#33 /home/luiz/code/refl/vendor/phpunit/phpunit/src/Framework/TestCase.php(936): PHPUnit_Framework_TestCase->runTest()
#34 /home/luiz/code/refl/vendor/phpunit/phpunit/src/Framework/TestResult.php(701): PHPUnit_Framework_TestCase->runBare()
#35 /home/luiz/code/refl/vendor/phpunit/phpunit/src/Framework/TestCase.php(892): PHPUnit_Framework_TestResult->run(Object(RestfulControllerTest))
#36 /home/luiz/code/refl/vendor/phpunit/phpunit/src/Framework/TestSuite.php(728): PHPUnit_Framework_TestCase->run(Object(PHPUnit_Framework_TestResult))
#37 /home/luiz/code/refl/vendor/phpunit/phpunit/src/Framework/TestSuite.php(728): PHPUnit_Framework_TestSuite->run(Object(PHPUnit_Framework_TestResult))
#38 /home/luiz/code/refl/vendor/phpunit/phpunit/src/TextUI/TestRunner.php(465): PHPUnit_Framework_TestSuite->run(Object(PHPUnit_Framework_TestResult))
#39 /home/luiz/code/refl/vendor/phpunit/phpunit/src/TextUI/Command.php(185): PHPUnit_TextUI_TestRunner->doRun(Object(PHPUnit_Framework_TestSuite), Array, true)
#40 /home/luiz/code/refl/vendor/phpunit/phpunit/src/TextUI/Command.php(115): PHPUnit_TextUI_Command->run(Array, true)
#41 /home/luiz/code/refl/vendor/phpunit/phpunit/phpunit(52): PHPUnit_TextUI_Command::main()
#42 {main}  
